<?xml version="1.0" encoding="UTF-8"?>
<robot generator="Robot 6.1.1 (Python 3.11.9 on win32)" generated="20240526 00:19:59.251" rpa="false" schemaversion="4">
<suite id="s1" name="SauceDemo" source="D:\Project\Sauce Demo\SauceDemo">
<suite id="s1-s1" name="Test Case" source="D:\Project\Sauce Demo\SauceDemo\Test Case">
<suite id="s1-s1-s1" name="Login" source="D:\Project\Sauce Demo\SauceDemo\Test Case\Login">
<suite id="s1-s1-s1-s1" name="Login" source="D:\Project\Sauce Demo\SauceDemo\Test Case\Login\login.robot">
<test id="s1-s1-s1-s1-t1" name="Login Using Valid User" line="11">
<kw name="Given I Am On The Login Page" library="asset_login">
<kw name="Open Browser" library="SeleniumLibrary">
<arg>${URL}</arg>
<arg>${BROWSER}</arg>
<doc>Opens a new browser instance to the optional ``url``.</doc>
<msg timestamp="20240526 00:19:59.611" level="INFO">Opening browser 'Chrome' to base url 'https://www.saucedemo.com/'.</msg>
<status status="PASS" starttime="20240526 00:19:59.611" endtime="20240526 00:20:04.125"/>
</kw>
<kw name="Maximize Browser Window" library="SeleniumLibrary">
<doc>Maximizes current browser window.</doc>
<status status="PASS" starttime="20240526 00:20:04.125" endtime="20240526 00:20:04.158"/>
</kw>
<status status="PASS" starttime="20240526 00:19:59.610" endtime="20240526 00:20:04.158"/>
</kw>
<kw name="When I Login With Username" library="asset_login">
<arg>standard_user</arg>
<kw name="Input Text" library="SeleniumLibrary">
<arg>${Input_Username}</arg>
<arg>${User}</arg>
<doc>Types the given ``text`` into the text field identified by ``locator``.</doc>
<msg timestamp="20240526 00:20:04.159" level="INFO">Typing text 'standard_user' into text field '//input[@id = 'user-name']'.</msg>
<status status="PASS" starttime="20240526 00:20:04.158" endtime="20240526 00:20:04.396"/>
</kw>
<status status="PASS" starttime="20240526 00:20:04.158" endtime="20240526 00:20:04.396"/>
</kw>
<kw name="And I Login With Password" library="asset_login">
<arg>secret_sauce</arg>
<kw name="Input Text" library="SeleniumLibrary">
<arg>${Input_Password}</arg>
<arg>${Pass}</arg>
<doc>Types the given ``text`` into the text field identified by ``locator``.</doc>
<msg timestamp="20240526 00:20:04.398" level="INFO">Typing text 'secret_sauce' into text field '//input[@id = 'password']'.</msg>
<status status="PASS" starttime="20240526 00:20:04.397" endtime="20240526 00:20:04.593"/>
</kw>
<kw name="Click Element" library="SeleniumLibrary">
<arg>${Button_Login}</arg>
<doc>Click the element identified by ``locator``.</doc>
<msg timestamp="20240526 00:20:04.594" level="INFO">Clicking element '//input[@id = 'login-button']'.</msg>
<status status="PASS" starttime="20240526 00:20:04.593" endtime="20240526 00:20:04.780"/>
</kw>
<status status="PASS" starttime="20240526 00:20:04.396" endtime="20240526 00:20:04.780"/>
</kw>
<kw name="Then I Should Successfully Login" library="asset_login">
<kw name="Title Should Be" library="SeleniumLibrary">
<arg>Swag Labs</arg>
<doc>Verifies that the current page title equals ``title``.</doc>
<msg timestamp="20240526 00:20:04.798" level="INFO">Page title is 'Swag Labs'.</msg>
<status status="PASS" starttime="20240526 00:20:04.782" endtime="20240526 00:20:04.798"/>
</kw>
<kw name="Current URL Should Be" library="asset_master">
<arg>${HomePageURL}</arg>
<kw name="Get Location" library="SeleniumLibrary">
<var>${CurrentURL}</var>
<doc>Returns the current browser window URL.</doc>
<msg timestamp="20240526 00:20:04.807" level="INFO">${CurrentURL} = https://www.saucedemo.com/inventory.html</msg>
<status status="PASS" starttime="20240526 00:20:04.799" endtime="20240526 00:20:04.807"/>
</kw>
<kw name="Should Be Equal As Strings" library="BuiltIn">
<arg>${CurrentURL}</arg>
<arg>${ExpectedURL}</arg>
<doc>Fails if objects are unequal after converting them to strings.</doc>
<status status="PASS" starttime="20240526 00:20:04.808" endtime="20240526 00:20:04.808"/>
</kw>
<status status="PASS" starttime="20240526 00:20:04.798" endtime="20240526 00:20:04.808"/>
</kw>
<status status="PASS" starttime="20240526 00:20:04.782" endtime="20240526 00:20:04.808"/>
</kw>
<kw name="End Test Session" library="asset_master" type="TEARDOWN">
<kw name="Capture Page Screenshot" library="SeleniumLibrary">
<doc>Takes a screenshot of the current page and embeds it into a log file.</doc>
<msg timestamp="20240526 00:20:05.298" level="INFO" html="true">&lt;/td&gt;&lt;/tr&gt;&lt;tr&gt;&lt;td colspan="3"&gt;&lt;a href="selenium-screenshot-6.png"&gt;&lt;img src="selenium-screenshot-6.png" width="800px"&gt;&lt;/a&gt;</msg>
<status status="PASS" starttime="20240526 00:20:04.809" endtime="20240526 00:20:05.299"/>
</kw>
<kw name="Close Browser" library="SeleniumLibrary">
<doc>Closes the current browser.</doc>
<status status="PASS" starttime="20240526 00:20:05.299" endtime="20240526 00:20:07.478"/>
</kw>
<status status="PASS" starttime="20240526 00:20:04.809" endtime="20240526 00:20:07.479"/>
</kw>
<doc>Test Login Feature using Valid User Data</doc>
<status status="PASS" starttime="20240526 00:19:59.609" endtime="20240526 00:20:07.479"/>
</test>
<test id="s1-s1-s1-s1-t2" name="Login Using Locked User" line="18">
<kw name="Given I Am On The Login Page" library="asset_login">
<kw name="Open Browser" library="SeleniumLibrary">
<arg>${URL}</arg>
<arg>${BROWSER}</arg>
<doc>Opens a new browser instance to the optional ``url``.</doc>
<msg timestamp="20240526 00:20:07.485" level="INFO">Opening browser 'Chrome' to base url 'https://www.saucedemo.com/'.</msg>
<status status="PASS" starttime="20240526 00:20:07.483" endtime="20240526 00:20:20.405"/>
</kw>
<kw name="Maximize Browser Window" library="SeleniumLibrary">
<doc>Maximizes current browser window.</doc>
<status status="PASS" starttime="20240526 00:20:20.405" endtime="20240526 00:20:20.449"/>
</kw>
<status status="PASS" starttime="20240526 00:20:07.482" endtime="20240526 00:20:20.449"/>
</kw>
<kw name="When I Login With Username" library="asset_login">
<arg>locked_out_user</arg>
<kw name="Input Text" library="SeleniumLibrary">
<arg>${Input_Username}</arg>
<arg>${User}</arg>
<doc>Types the given ``text`` into the text field identified by ``locator``.</doc>
<msg timestamp="20240526 00:20:20.451" level="INFO">Typing text 'locked_out_user' into text field '//input[@id = 'user-name']'.</msg>
<status status="PASS" starttime="20240526 00:20:20.450" endtime="20240526 00:20:20.678"/>
</kw>
<status status="PASS" starttime="20240526 00:20:20.450" endtime="20240526 00:20:20.678"/>
</kw>
<kw name="And I Login With Password" library="asset_login">
<arg>secret_sauce</arg>
<kw name="Input Text" library="SeleniumLibrary">
<arg>${Input_Password}</arg>
<arg>${Pass}</arg>
<doc>Types the given ``text`` into the text field identified by ``locator``.</doc>
<msg timestamp="20240526 00:20:20.681" level="INFO">Typing text 'secret_sauce' into text field '//input[@id = 'password']'.</msg>
<status status="PASS" starttime="20240526 00:20:20.680" endtime="20240526 00:20:20.863"/>
</kw>
<kw name="Click Element" library="SeleniumLibrary">
<arg>${Button_Login}</arg>
<doc>Click the element identified by ``locator``.</doc>
<msg timestamp="20240526 00:20:20.864" level="INFO">Clicking element '//input[@id = 'login-button']'.</msg>
<status status="PASS" starttime="20240526 00:20:20.863" endtime="20240526 00:20:20.974"/>
</kw>
<status status="PASS" starttime="20240526 00:20:20.678" endtime="20240526 00:20:20.974"/>
</kw>
<kw name="Then I Should Failed Login" library="asset_login">
<kw name="Title Should Be" library="SeleniumLibrary">
<arg>Swag Labs</arg>
<doc>Verifies that the current page title equals ``title``.</doc>
<msg timestamp="20240526 00:20:20.984" level="INFO">Page title is 'Swag Labs'.</msg>
<status status="PASS" starttime="20240526 00:20:20.975" endtime="20240526 00:20:20.984"/>
</kw>
<kw name="Current URL Should Be" library="asset_master">
<arg>${LoginURL}</arg>
<kw name="Get Location" library="SeleniumLibrary">
<var>${CurrentURL}</var>
<doc>Returns the current browser window URL.</doc>
<msg timestamp="20240526 00:20:20.994" level="INFO">${CurrentURL} = https://www.saucedemo.com/</msg>
<status status="PASS" starttime="20240526 00:20:20.985" endtime="20240526 00:20:20.994"/>
</kw>
<kw name="Should Be Equal As Strings" library="BuiltIn">
<arg>${CurrentURL}</arg>
<arg>${ExpectedURL}</arg>
<doc>Fails if objects are unequal after converting them to strings.</doc>
<status status="PASS" starttime="20240526 00:20:20.994" endtime="20240526 00:20:20.995"/>
</kw>
<status status="PASS" starttime="20240526 00:20:20.984" endtime="20240526 00:20:20.995"/>
</kw>
<status status="PASS" starttime="20240526 00:20:20.975" endtime="20240526 00:20:20.995"/>
</kw>
<kw name="And I Should See Locked User Error Message" library="asset_login">
<kw name="Validate Message Error" library="asset_login">
<arg>${Message_LockedError}</arg>
<kw name="Get Text" library="SeleniumLibrary">
<var>${Message}</var>
<arg>${PopUp_Message}</arg>
<doc>Returns the text value of the element identified by ``locator``.</doc>
<msg timestamp="20240526 00:20:21.038" level="INFO">${Message} = Epic sadface: Sorry, this user has been locked out.</msg>
<status status="PASS" starttime="20240526 00:20:20.996" endtime="20240526 00:20:21.038"/>
</kw>
<kw name="Should Be Equal As Strings" library="BuiltIn">
<arg>${Message}</arg>
<arg>${Expected_Message}</arg>
<doc>Fails if objects are unequal after converting them to strings.</doc>
<status status="PASS" starttime="20240526 00:20:21.038" endtime="20240526 00:20:21.039"/>
</kw>
<status status="PASS" starttime="20240526 00:20:20.996" endtime="20240526 00:20:21.040"/>
</kw>
<status status="PASS" starttime="20240526 00:20:20.996" endtime="20240526 00:20:21.040"/>
</kw>
<kw name="End Test Session" library="asset_master" type="TEARDOWN">
<kw name="Capture Page Screenshot" library="SeleniumLibrary">
<doc>Takes a screenshot of the current page and embeds it into a log file.</doc>
<msg timestamp="20240526 00:20:21.253" level="INFO" html="true">&lt;/td&gt;&lt;/tr&gt;&lt;tr&gt;&lt;td colspan="3"&gt;&lt;a href="selenium-screenshot-7.png"&gt;&lt;img src="selenium-screenshot-7.png" width="800px"&gt;&lt;/a&gt;</msg>
<status status="PASS" starttime="20240526 00:20:21.041" endtime="20240526 00:20:21.253"/>
</kw>
<kw name="Close Browser" library="SeleniumLibrary">
<doc>Closes the current browser.</doc>
<status status="PASS" starttime="20240526 00:20:21.253" endtime="20240526 00:20:23.465"/>
</kw>
<status status="PASS" starttime="20240526 00:20:21.040" endtime="20240526 00:20:23.465"/>
</kw>
<doc>Test Login Feature using Locked User Data</doc>
<status status="PASS" starttime="20240526 00:20:07.481" endtime="20240526 00:20:23.466"/>
</test>
<test id="s1-s1-s1-s1-t3" name="Login Using Invalid Password" line="26">
<kw name="Given I Am On The Login Page" library="asset_login">
<kw name="Open Browser" library="SeleniumLibrary">
<arg>${URL}</arg>
<arg>${BROWSER}</arg>
<doc>Opens a new browser instance to the optional ``url``.</doc>
<msg timestamp="20240526 00:20:23.469" level="INFO">Opening browser 'Chrome' to base url 'https://www.saucedemo.com/'.</msg>
<status status="PASS" starttime="20240526 00:20:23.468" endtime="20240526 00:20:26.507"/>
</kw>
<kw name="Maximize Browser Window" library="SeleniumLibrary">
<doc>Maximizes current browser window.</doc>
<status status="PASS" starttime="20240526 00:20:26.507" endtime="20240526 00:20:26.543"/>
</kw>
<status status="PASS" starttime="20240526 00:20:23.468" endtime="20240526 00:20:26.543"/>
</kw>
<kw name="When I Login With Username" library="asset_login">
<arg>standard_user</arg>
<kw name="Input Text" library="SeleniumLibrary">
<arg>${Input_Username}</arg>
<arg>${User}</arg>
<doc>Types the given ``text`` into the text field identified by ``locator``.</doc>
<msg timestamp="20240526 00:20:26.544" level="INFO">Typing text 'standard_user' into text field '//input[@id = 'user-name']'.</msg>
<status status="PASS" starttime="20240526 00:20:26.544" endtime="20240526 00:20:26.811"/>
</kw>
<status status="PASS" starttime="20240526 00:20:26.543" endtime="20240526 00:20:26.811"/>
</kw>
<kw name="And I Login With Password" library="asset_login">
<arg>invalid password</arg>
<kw name="Input Text" library="SeleniumLibrary">
<arg>${Input_Password}</arg>
<arg>${Pass}</arg>
<doc>Types the given ``text`` into the text field identified by ``locator``.</doc>
<msg timestamp="20240526 00:20:26.812" level="INFO">Typing text 'invalid password' into text field '//input[@id = 'password']'.</msg>
<status status="PASS" starttime="20240526 00:20:26.812" endtime="20240526 00:20:27.001"/>
</kw>
<kw name="Click Element" library="SeleniumLibrary">
<arg>${Button_Login}</arg>
<doc>Click the element identified by ``locator``.</doc>
<msg timestamp="20240526 00:20:27.002" level="INFO">Clicking element '//input[@id = 'login-button']'.</msg>
<status status="PASS" starttime="20240526 00:20:27.001" endtime="20240526 00:20:27.111"/>
</kw>
<status status="PASS" starttime="20240526 00:20:26.811" endtime="20240526 00:20:27.111"/>
</kw>
<kw name="Then I Should Failed Login" library="asset_login">
<kw name="Title Should Be" library="SeleniumLibrary">
<arg>Swag Labs</arg>
<doc>Verifies that the current page title equals ``title``.</doc>
<msg timestamp="20240526 00:20:27.122" level="INFO">Page title is 'Swag Labs'.</msg>
<status status="PASS" starttime="20240526 00:20:27.112" endtime="20240526 00:20:27.122"/>
</kw>
<kw name="Current URL Should Be" library="asset_master">
<arg>${LoginURL}</arg>
<kw name="Get Location" library="SeleniumLibrary">
<var>${CurrentURL}</var>
<doc>Returns the current browser window URL.</doc>
<msg timestamp="20240526 00:20:27.132" level="INFO">${CurrentURL} = https://www.saucedemo.com/</msg>
<status status="PASS" starttime="20240526 00:20:27.123" endtime="20240526 00:20:27.133"/>
</kw>
<kw name="Should Be Equal As Strings" library="BuiltIn">
<arg>${CurrentURL}</arg>
<arg>${ExpectedURL}</arg>
<doc>Fails if objects are unequal after converting them to strings.</doc>
<status status="PASS" starttime="20240526 00:20:27.133" endtime="20240526 00:20:27.133"/>
</kw>
<status status="PASS" starttime="20240526 00:20:27.122" endtime="20240526 00:20:27.133"/>
</kw>
<status status="PASS" starttime="20240526 00:20:27.112" endtime="20240526 00:20:27.133"/>
</kw>
<kw name="And I Should See Invalid User Error Message" library="asset_login">
<kw name="Validate Message Error" library="asset_login">
<arg>${Message_InvalidUser}</arg>
<kw name="Get Text" library="SeleniumLibrary">
<var>${Message}</var>
<arg>${PopUp_Message}</arg>
<doc>Returns the text value of the element identified by ``locator``.</doc>
<msg timestamp="20240526 00:20:27.178" level="INFO">${Message} = Epic sadface: Username and password do not match any user in this service</msg>
<status status="PASS" starttime="20240526 00:20:27.135" endtime="20240526 00:20:27.178"/>
</kw>
<kw name="Should Be Equal As Strings" library="BuiltIn">
<arg>${Message}</arg>
<arg>${Expected_Message}</arg>
<doc>Fails if objects are unequal after converting them to strings.</doc>
<status status="PASS" starttime="20240526 00:20:27.178" endtime="20240526 00:20:27.178"/>
</kw>
<status status="PASS" starttime="20240526 00:20:27.134" endtime="20240526 00:20:27.179"/>
</kw>
<status status="PASS" starttime="20240526 00:20:27.134" endtime="20240526 00:20:27.179"/>
</kw>
<kw name="End Test Session" library="asset_master" type="TEARDOWN">
<kw name="Capture Page Screenshot" library="SeleniumLibrary">
<doc>Takes a screenshot of the current page and embeds it into a log file.</doc>
<msg timestamp="20240526 00:20:27.431" level="INFO" html="true">&lt;/td&gt;&lt;/tr&gt;&lt;tr&gt;&lt;td colspan="3"&gt;&lt;a href="selenium-screenshot-8.png"&gt;&lt;img src="selenium-screenshot-8.png" width="800px"&gt;&lt;/a&gt;</msg>
<status status="PASS" starttime="20240526 00:20:27.180" endtime="20240526 00:20:27.431"/>
</kw>
<kw name="Close Browser" library="SeleniumLibrary">
<doc>Closes the current browser.</doc>
<status status="PASS" starttime="20240526 00:20:27.431" endtime="20240526 00:20:29.643"/>
</kw>
<status status="PASS" starttime="20240526 00:20:27.179" endtime="20240526 00:20:29.643"/>
</kw>
<doc>Test Login Feature using Valid Username and Invalid Password</doc>
<status status="PASS" starttime="20240526 00:20:23.467" endtime="20240526 00:20:29.644"/>
</test>
<test id="s1-s1-s1-s1-t4" name="Login Using Invalid Username" line="34">
<kw name="Given I Am On The Login Page" library="asset_login">
<kw name="Open Browser" library="SeleniumLibrary">
<arg>${URL}</arg>
<arg>${BROWSER}</arg>
<doc>Opens a new browser instance to the optional ``url``.</doc>
<msg timestamp="20240526 00:20:29.648" level="INFO">Opening browser 'Chrome' to base url 'https://www.saucedemo.com/'.</msg>
<status status="PASS" starttime="20240526 00:20:29.646" endtime="20240526 00:20:34.817"/>
</kw>
<kw name="Maximize Browser Window" library="SeleniumLibrary">
<doc>Maximizes current browser window.</doc>
<status status="PASS" starttime="20240526 00:20:34.817" endtime="20240526 00:20:34.861"/>
</kw>
<status status="PASS" starttime="20240526 00:20:29.646" endtime="20240526 00:20:34.861"/>
</kw>
<kw name="When I Login With Username" library="asset_login">
<arg>invalid_user</arg>
<kw name="Input Text" library="SeleniumLibrary">
<arg>${Input_Username}</arg>
<arg>${User}</arg>
<doc>Types the given ``text`` into the text field identified by ``locator``.</doc>
<msg timestamp="20240526 00:20:34.864" level="INFO">Typing text 'invalid_user' into text field '//input[@id = 'user-name']'.</msg>
<status status="PASS" starttime="20240526 00:20:34.862" endtime="20240526 00:20:35.060"/>
</kw>
<status status="PASS" starttime="20240526 00:20:34.862" endtime="20240526 00:20:35.060"/>
</kw>
<kw name="And I Login With Password" library="asset_login">
<arg>secret_sauce</arg>
<kw name="Input Text" library="SeleniumLibrary">
<arg>${Input_Password}</arg>
<arg>${Pass}</arg>
<doc>Types the given ``text`` into the text field identified by ``locator``.</doc>
<msg timestamp="20240526 00:20:35.062" level="INFO">Typing text 'secret_sauce' into text field '//input[@id = 'password']'.</msg>
<status status="PASS" starttime="20240526 00:20:35.061" endtime="20240526 00:20:35.245"/>
</kw>
<kw name="Click Element" library="SeleniumLibrary">
<arg>${Button_Login}</arg>
<doc>Click the element identified by ``locator``.</doc>
<msg timestamp="20240526 00:20:35.246" level="INFO">Clicking element '//input[@id = 'login-button']'.</msg>
<status status="PASS" starttime="20240526 00:20:35.246" endtime="20240526 00:20:35.362"/>
</kw>
<status status="PASS" starttime="20240526 00:20:35.061" endtime="20240526 00:20:35.364"/>
</kw>
<kw name="Then I Should Failed Login" library="asset_login">
<kw name="Title Should Be" library="SeleniumLibrary">
<arg>Swag Labs</arg>
<doc>Verifies that the current page title equals ``title``.</doc>
<msg timestamp="20240526 00:20:35.374" level="INFO">Page title is 'Swag Labs'.</msg>
<status status="PASS" starttime="20240526 00:20:35.364" endtime="20240526 00:20:35.374"/>
</kw>
<kw name="Current URL Should Be" library="asset_master">
<arg>${LoginURL}</arg>
<kw name="Get Location" library="SeleniumLibrary">
<var>${CurrentURL}</var>
<doc>Returns the current browser window URL.</doc>
<msg timestamp="20240526 00:20:35.384" level="INFO">${CurrentURL} = https://www.saucedemo.com/</msg>
<status status="PASS" starttime="20240526 00:20:35.375" endtime="20240526 00:20:35.384"/>
</kw>
<kw name="Should Be Equal As Strings" library="BuiltIn">
<arg>${CurrentURL}</arg>
<arg>${ExpectedURL}</arg>
<doc>Fails if objects are unequal after converting them to strings.</doc>
<status status="PASS" starttime="20240526 00:20:35.384" endtime="20240526 00:20:35.384"/>
</kw>
<status status="PASS" starttime="20240526 00:20:35.374" endtime="20240526 00:20:35.385"/>
</kw>
<status status="PASS" starttime="20240526 00:20:35.364" endtime="20240526 00:20:35.386"/>
</kw>
<kw name="And I Should See Invalid User Error Message" library="asset_login">
<kw name="Validate Message Error" library="asset_login">
<arg>${Message_InvalidUser}</arg>
<kw name="Get Text" library="SeleniumLibrary">
<var>${Message}</var>
<arg>${PopUp_Message}</arg>
<doc>Returns the text value of the element identified by ``locator``.</doc>
<msg timestamp="20240526 00:20:35.429" level="INFO">${Message} = Epic sadface: Username and password do not match any user in this service</msg>
<status status="PASS" starttime="20240526 00:20:35.387" endtime="20240526 00:20:35.429"/>
</kw>
<kw name="Should Be Equal As Strings" library="BuiltIn">
<arg>${Message}</arg>
<arg>${Expected_Message}</arg>
<doc>Fails if objects are unequal after converting them to strings.</doc>
<status status="PASS" starttime="20240526 00:20:35.429" endtime="20240526 00:20:35.429"/>
</kw>
<status status="PASS" starttime="20240526 00:20:35.387" endtime="20240526 00:20:35.429"/>
</kw>
<status status="PASS" starttime="20240526 00:20:35.386" endtime="20240526 00:20:35.430"/>
</kw>
<kw name="End Test Session" library="asset_master" type="TEARDOWN">
<kw name="Capture Page Screenshot" library="SeleniumLibrary">
<doc>Takes a screenshot of the current page and embeds it into a log file.</doc>
<msg timestamp="20240526 00:20:35.677" level="INFO" html="true">&lt;/td&gt;&lt;/tr&gt;&lt;tr&gt;&lt;td colspan="3"&gt;&lt;a href="selenium-screenshot-9.png"&gt;&lt;img src="selenium-screenshot-9.png" width="800px"&gt;&lt;/a&gt;</msg>
<status status="PASS" starttime="20240526 00:20:35.430" endtime="20240526 00:20:35.677"/>
</kw>
<kw name="Close Browser" library="SeleniumLibrary">
<doc>Closes the current browser.</doc>
<status status="PASS" starttime="20240526 00:20:35.677" endtime="20240526 00:20:37.891"/>
</kw>
<status status="PASS" starttime="20240526 00:20:35.430" endtime="20240526 00:20:37.891"/>
</kw>
<doc>Test Login Feature using Invalid Username and Invalid Password</doc>
<status status="PASS" starttime="20240526 00:20:29.645" endtime="20240526 00:20:37.892"/>
</test>
<status status="PASS" starttime="20240526 00:19:59.306" endtime="20240526 00:20:37.894"/>
</suite>
<status status="PASS" starttime="20240526 00:19:59.302" endtime="20240526 00:20:37.898"/>
</suite>
<status status="PASS" starttime="20240526 00:19:59.299" endtime="20240526 00:20:37.900"/>
</suite>
<status status="PASS" starttime="20240526 00:19:59.253" endtime="20240526 00:20:37.904"/>
</suite>
<statistics>
<total>
<stat pass="4" fail="0" skip="0">All Tests</stat>
</total>
<tag>
</tag>
<suite>
<stat pass="4" fail="0" skip="0" id="s1" name="SauceDemo">SauceDemo</stat>
<stat pass="4" fail="0" skip="0" id="s1-s1" name="Test Case">SauceDemo.Test Case</stat>
<stat pass="4" fail="0" skip="0" id="s1-s1-s1" name="Login">SauceDemo.Test Case.Login</stat>
<stat pass="4" fail="0" skip="0" id="s1-s1-s1-s1" name="Login">SauceDemo.Test Case.Login.Login</stat>
</suite>
</statistics>
<errors>
</errors>
</robot>
