<?xml version="1.0" encoding="UTF-8"?>
<robot generator="Robot 6.1.1 (Python 3.11.8 on win32)" generated="20240225 01:21:57.872" rpa="false" schemaversion="4">
<suite id="s1" name="SauceDemo" source="D:\Project\Sauce Demo\SauceDemo">
<suite id="s1-s1" name="Test Case" source="D:\Project\Sauce Demo\SauceDemo\Test Case">
<suite id="s1-s1-s1" name="Api" source="D:\Project\Sauce Demo\SauceDemo\Test Case\api.robot">
<test id="s1-s1-s1-t1" name="Quick Get Request Test" line="6">
<kw name="GET" library="RequestsLibrary">
<var>${response}</var>
<arg>https://www.google.com</arg>
<doc>Sends a GET request.</doc>
<msg timestamp="20240225 01:21:58.756" level="INFO">GET Request : url=https://www.google.com/ 
 path_url=/ 
 headers={'User-Agent': 'python-requests/2.31.0', 'Accept-Encoding': 'gzip, deflate', 'Accept': '*/*', 'Connection': 'keep-alive'} 
 body=None 
 </msg>
<msg timestamp="20240225 01:21:58.756" level="INFO">GET Response : url=https://www.google.com/ 
 status=200, reason=OK 
 headers={'Date': 'Sat, 24 Feb 2024 18:21:57 GMT', 'Expires': '-1', 'Cache-Control': 'private, max-age=0', 'Content-Type': 'text/html; charset=ISO-8859-1', 'Content-Security-Policy-Report-Only': "object-src 'none';base-uri 'self';script-src 'nonce-l_O9oTdKM2Bmb8egF3UGuA' 'strict-dynamic' 'report-sample' 'unsafe-eval' 'unsafe-inline' https: http:;report-uri https://csp.withgoogle.com/csp/gws/other-hp", 'P3P': 'CP="This is not a P3P policy! See g.co/p3phelp for more info."', 'Content-Encoding': 'gzip', 'Server': 'gws', 'X-XSS-Protection': '0', 'X-Frame-Options': 'SAMEORIGIN', 'Set-Cookie': '1P_JAR=2024-02-24-18; expires=Mon, 25-Mar-2024 18:21:57 GMT; path=/; domain=.google.com; Secure, AEC=Ae3NU9OvZGF89RHrUMx_mrVOeAKjMbQ3IL2f7YwhUsHBm0gh3Xej4JU3vA; expires=Thu, 22-Aug-2024 18:21:57 GMT; path=/; domain=.google.com; Secure; HttpOnly; SameSite=lax, NID=511=Lcc5ZMBwCLUvBfXnQCkxHFjV3fNL_kcUN0QXFO177GoQAQ6hShOnt61s0EuJu8FTc-Yxc175sPUH2sUNrYEYJOYDyJeCltynW2HsIPSkYxmY7HepRjJUhKQgflhm1SsIadP1yuIEIUY1CAAVnAKdz8bR93swGg-7zXlAZdfSHMs; expires=Sun, 25-Aug-2024 18:21:57 GMT; path=/; domain=.google.com; HttpOnly', 'Alt-Svc': 'h3=":443"; ma=2592000,h3-29=":443"; ma=2592000', 'Transfer-Encoding': 'chunked'} 
 body=&lt;!doctype html&gt;&lt;html itemscope="" itemtype="http://schema.org/WebPage" lang="id"&gt;&lt;head&gt;&lt;meta content="text/html; charset=UTF-8" http-equiv="Content-Type"&gt;&lt;meta content="/images/branding/googleg/1x/googleg_standard_color_128dp.png" itemprop="image"&gt;&lt;title&gt;Google&lt;/title&gt;&lt;script nonce="l_O9oTdKM2Bmb8egF3UGuA"&gt;(function(){var _g={kEI:'xTPaZafGHqXA4-EPlLu52A8',kEXPI:'0,18167,1342951,4349,207,4804,1132070,1962,1195750,689,361,302200,77528,44799,23792,12312,17587,4998,17075,35735,2709,2872,2891,3926,4423,4011,30668,30022,2614,3783,9938,20583,4,59617,27029,6645,7596,1,42154,2,39761,6699,31123,4567,6259,24670,33064,2,2,1,26632,8155,23351,22435,9779,12415,30044,20198,1340,71839,3030,15816,1804,22837,3570,20675,1634,42266,1744,5221492,285,712,2,1390,254,462,106,74,5991470,1209,410,2806256,32265,9,7443186,16496299,4043710,14297,2375,43887,3,1603,3,2121778,2585,22636438,392913,4126,7431,1242,8408,16087,2,576,8,13015,4428,10576,1655,4223,14606,2849,1583,11954,1922,7291,1298,2370,4832,1575,13796,50,5520,4533,2899,2212,149,2071,5761,200,7917,218,3,362,4745,1628,2873,5,5211,3804,350,136,3197,884,462,880,11834,4,771,51,729,1320,253,1536,257,1406,323,23,198,10,1259,3117,472,2064,1213,661,2948,7023,655,292,7,1263,3,74,465,72,219,200,866,1228,409,328,605,630,391,129,26,109,95,202,1066,1012,5,232,184,387,1868,4,96,49,18,2,2,2,929,1,323,234,1,63,588,52,1304,211,1473,260,8,651,791,532,322,718,1332,10,851,169,94,169,221,201,96,85,2937,88,1339,438,123,647,33,241,532,324,7,95,217,14,404,2,3663,525,5,258,342,612,37,21,124,254,1080,67,76,61,127,4,472,276,494,567,4,229,70,52,486,1474,268,136,67,223,903,20,2,641,461,644,4,1,6,780,21323685,361370,4267,3,3771,1625,175,540,763',kBL:'kf5-',kOPI:89978449};(function(){var a;(null==(a=window.google)?0:a.stvsc)?google.kEI=_g.kEI:window.google=_g;}).call(this);})();(function(){google.sn='webhp';google.kHL='id';})();(function(){
var h=this||self;function l(){return void 0!==window.google&amp;&amp;void 0!==window.google.kOPI&amp;&amp;0!==window.google.kOPI?window.google.kOPI:null};var m,n=[];function p(a){for(var b;a&amp;&amp;(!a.getAttribute||!(b=a.getAttribute("eid")));)a=a.parentNode;return b||m}function q(a){for(var b=null;a&amp;&amp;(!a.getAttribute||!(b=a.getAttribute("leid")));)a=a.parentNode;return b}function r(a){/^http:/i.test(a)&amp;&amp;"https:"===window.location.protocol&amp;&amp;(google.ml&amp;&amp;google.ml(Error("a"),!1,{src:a,glmm:1}),a="");return a}
function t(a,b,c,d,k){var e="";-1===b.search("&amp;ei=")&amp;&amp;(e="&amp;ei="+p(d),-1===b.search("&amp;lei=")&amp;&amp;(d=q(d))&amp;&amp;(e+="&amp;lei="+d));d="";var g=-1===b.search("&amp;cshid=")&amp;&amp;"slh"!==a,f=[];f.push(["zx",Date.now().toString()]);h._cshid&amp;&amp;g&amp;&amp;f.push(["cshid",h._cshid]);c=c();null!=c&amp;&amp;f.push(["opi",c.toString()]);for(c=0;c&lt;f.length;c++){if(0===c||0&lt;c)d+="&amp;";d+=f[c][0]+"="+f[c][1]}return"/"+(k||"gen_204")+"?atyp=i&amp;ct="+String(a)+"&amp;cad="+(b+e+d)};m=google.kEI;google.getEI=p;google.getLEI=q;google.ml=function(){return null};google.log=function(a,b,c,d,k,e){e=void 0===e?l:e;c||(c=t(a,b,e,d,k));if(c=r(c)){a=new Image;var g=n.length;n[g]=a;a.onerror=a.onload=a.onabort=function(){delete n[g]};a.src=c}};google.logUrl=function(a,b){b=void 0===b?l:b;return t("",a,b)};}).call(this);(function(){google.y={};google.sy=[];google.x=function(a,b){if(a)var c=a.id;else{do c=Math.random();while(google.y[c])}google.y[c]=[a,b];return!1};google.sx=function(a){google.sy.push(a)};google.lm=[];google.plm=function(a){google.lm.push.apply(google.lm,a)};google.lq=[];google.load=function(a,b,c){google.lq.push([[a],b,c])};google.loadAll=function(a,b){google.lq.push([a,b])};google.bx=!1;google.lx=function(){};var d=[];google.fce=function(a,b,c,e){d.push([a,b,c,e])};google.qce=d;}).call(this);google.f={};(function(){
document.documentElement.addEventListener("submit",function(b){var a;if(a=b.target){var c=a.getAttribute("data-submitfalse");a="1"===c||"q"===c&amp;&amp;!a.elements.q.value?!0:!1}else a=!1;a&amp;&amp;(b.preventDefault(),b.stopPropagation())},!0);document.documentElement.addEventListener("click",function(b){var a;a:{for(a=b.target;a&amp;&amp;a!==document.documentElement;a=a.parentElement)if("A"===a.tagName){a="1"===a.getAttribute("data-nohref");break a}a=!1}a&amp;&amp;b.preventDefault()},!0);}).call(this);&lt;/script&gt;&lt;style&gt;#gbar,#guser{font-size:13px;padding-top:1px !important;}#gbar{height:22px}#guser{padding-bottom:7px !important;text-align:right}.gbh,.gbd{border-top:1px solid #c9d7f1;font-size:1px}.gbh{height:0;position:absolute;top:24px;width:100%}@media all{.gb1{height:22px;margin-right:.5em;vertical-align:top}#gbar{float:left}}a.gb1,a.gb4{text-decoration:underline !important}a.gb1,a.gb4{color:#00c !important}.gbi .gb4{color:#dd8e27 !important}.gbf .gb4{color:#900 !important}
&lt;/style&gt;&lt;style&gt;body,td,a,p,.h{font-family:arial,sans-serif}body{margin:0;overflow-y:scroll}#gog{padding:3px 8px 0}td{line-height:.8em}.gac_m td{line-height:17px}form{margin-bottom:20px}.h{color:#1967d2}em{font-weight:bold;font-style:normal}.lst{height:25px;width:496px}.gsfi,.lst{font:18px arial,sans-serif}.gsfs{font:17px arial,sans-serif}.ds{display:inline-box;display:inline-block;margin:3px 0 4px;margin-left:4px}input{font-family:inherit}body{background:#fff;color:#000}a{color:#681da8;text-decoration:none}a:hover,a:active{text-decoration:underline}.fl a{color:#1967d2}a:visited{color:#681da8}.sblc{padding-top:5px}.sblc a{display:block;margin:2px 0;margin-left:13px;font-size:11px}.lsbb{background:#f8f9fa;border:solid 1px;border-color:#dadce0 #70757a #70757a #dadce0;height:30px}.lsbb{display:block}#WqQANb a{display:inline-block;margin:0 12px}.lsb{background:url(/images/nav_logo229.png) 0 -261px repeat-x;color:#000;border:none;cursor:pointer;height:30px;margin:0;outline:0;font:15px arial,sans-serif;vertical-align:top}.lsb:active{background:#dadce0}.lst:focus{outline:none}.Ucigb{width:458px}&lt;/style&gt;&lt;script nonce="l_O9oTdKM2Bmb8egF3UGuA"&gt;(function(){window.google.erd={jsr:1,bv:1961,de:true};
var h=this||self;var k,l=null!=(k=h.mei)?k:1,n,p=null!=(n=h.sdo)?n:!0,q=0,r,t=google.erd,v=t.jsr;google.ml=function(a,b,d,m,e){e=void 0===e?2:e;b&amp;&amp;(r=a&amp;&amp;a.message);void 0===d&amp;&amp;(d={});d.cad="ple_"+google.ple+".aple_"+google.aple;if(google.dl)return google.dl(a,e,d),null;b=d;if(0&gt;v){window.console&amp;&amp;console.error(a,b);if(-2===v)throw a;b=!1}else b=!a||!a.message||"Error loading script"===a.message||q&gt;=l&amp;&amp;!m?!1:!0;if(!b)return null;q++;d=d||{};b=encodeURIComponent;var c="/gen_204?atyp=i&amp;ei="+b(google.kEI);google.kEXPI&amp;&amp;(c+="&amp;jexpid="+b(google.kEXPI));c+="&amp;srcpg="+b(google.sn)+"&amp;jsr="+b(t.jsr)+"&amp;bver="+
b(t.bv);var f=a.lineNumber;void 0!==f&amp;&amp;(c+="&amp;line="+f);var g=a.fileName;g&amp;&amp;(0&lt;g.indexOf("-extension:/")&amp;&amp;(e=3),c+="&amp;script="+b(g),f&amp;&amp;g===window.location.href&amp;&amp;(f=document.documentElement.outerHTML.split("\n")[f],c+="&amp;cad="+b(f?f.substring(0,300):"No script found.")));google.ple&amp;&amp;1===google.ple&amp;&amp;(e=2);c+="&amp;jsel="+e;for(var u in d)c+="&amp;",c+=b(u),c+="=",c+=b(d[u]);c=c+"&amp;emsg="+b(a.name+": "+a.message);c=c+"&amp;jsst="+b(a.stack||"N/A");12288&lt;=c.length&amp;&amp;(c=c.substr(0,12288));a=c;m||google.log(0,"",a);return a};window.onerror=function(a,b,d,m,e){r!==a&amp;&amp;(a=e instanceof Error?e:Error(a),void 0===d||"lineNumber"in a||(a.lineNumber=d),void 0===b||"fileName"in a||(a.fileName=b),google.ml(a,!1,void 0,!1,"SyntaxError"===a.name||"SyntaxError"===a.message.substring(0,11)||-1!==a.message.indexOf("Script error")?3:0));r=null;p&amp;&amp;q&gt;=l&amp;&amp;(window.onerror=null)};})();&lt;/script&gt;&lt;/head&gt;&lt;body bgcolor="#fff"&gt;&lt;script nonce="l_O9oTdKM2Bmb8egF3UGuA"&gt;(function(){var src='/images/nav_logo229.png';var iesg=false;document.body.onload = function(){window.n &amp;&amp; window.n();if (document.images){new Image().src=src;}
if (!iesg){document.f&amp;&amp;document.f.q.focus();document.gbqf&amp;&amp;document.gbqf.q.focus();}
}
})();&lt;/script&gt;&lt;div id="mngb"&gt;&lt;div id=gbar&gt;&lt;nobr&gt;&lt;b class=gb1&gt;Telusuri&lt;/b&gt; &lt;a class=gb1 href="https://www.google.com/imghp?hl=id&amp;tab=wi"&gt;Gambar&lt;/a&gt; &lt;a class=gb1 href="https://maps.google.co.id/maps?hl=id&amp;tab=wl"&gt;Maps&lt;/a&gt; &lt;a class=gb1 href="https://play.google.com/?hl=id&amp;tab=w8"&gt;Play&lt;/a&gt; &lt;a class=gb1 href="https://www.youtube.com/?tab=w1"&gt;YouTube&lt;/a&gt; &lt;a class=gb1 href="https://news.google.com/?tab=wn"&gt;Berita&lt;/a&gt; &lt;a class=gb1 href="https://mail.google.com/mail/?tab=wm"&gt;Gmail&lt;/a&gt; &lt;a class=gb1 href="https://drive.google.com/?tab=wo"&gt;Drive&lt;/a&gt; &lt;a class=gb1 style="text-decoration:none" href="https://www.google.co.id/intl/id/about/products?tab=wh"&gt;&lt;u&gt;Lainnya&lt;/u&gt; &amp;raquo;&lt;/a&gt;&lt;/nobr&gt;&lt;/div&gt;&lt;div id=guser width=100%&gt;&lt;nobr&gt;&lt;span id=gbn class=gbi&gt;&lt;/span&gt;&lt;span id=gbf class=gbf&gt;&lt;/span&gt;&lt;span id=gbe&gt;&lt;/span&gt;&lt;a href="http://www.google.co.id/history/optout?hl=id" class=gb4&gt;Histori Web&lt;/a&gt; | &lt;a  href="/preferences?hl=id" class=gb4&gt;Setelan&lt;/a&gt; | &lt;a target=_top id=gb_70 href="https://accounts.google.com/ServiceLogin?hl=id&amp;passive=true&amp;continue=https://www.google.com/&amp;ec=GAZAAQ" class=gb4&gt;Login&lt;/a&gt;&lt;/nobr&gt;&lt;/div&gt;&lt;div class=gbh style=left:0&gt;&lt;/div&gt;&lt;div class=gbh style=right:0&gt;&lt;/div&gt;&lt;/div&gt;&lt;center&gt;&lt;br clear="all" id="lgpd"&gt;&lt;div id="lga"&gt;&lt;img alt="Google" height="92" src="/images/branding/googlelogo/1x/googlelogo_white_background_color_272x92dp.png" style="padding:28px 0 14px" width="272" id="hplogo"&gt;&lt;br&gt;&lt;br&gt;&lt;/div&gt;&lt;form action="/search" name="f"&gt;&lt;table cellpadding="0" cellspacing="0"&gt;&lt;tr valign="top"&gt;&lt;td width="25%"&gt;&amp;nbsp;&lt;/td&gt;&lt;td align="center" nowrap=""&gt;&lt;input name="ie" value="ISO-8859-1" type="hidden"&gt;&lt;input value="id" name="hl" type="hidden"&gt;&lt;input name="source" type="hidden" value="hp"&gt;&lt;input name="biw" type="hidden"&gt;&lt;input name="bih" type="hidden"&gt;&lt;div class="ds" style="height:32px;margin:4px 0"&gt;&lt;div style="position:relative;zoom:1"&gt;&lt;input class="lst Ucigb" style="margin:0;padding:5px 8px 0 6px;vertical-align:top;color:#000;padding-right:38px" autocomplete="off" value="" title="Penelusuran Google" maxlength="2048" name="q" size="57"&gt;&lt;img src="/textinputassistant/tia.png" style="position:absolute;cursor:pointer;right:5px;top:4px;z-index:300" data-script-url="/textinputassistant/13/id_tia.js" id="tsuid_1" alt="" height="23" width="27"&gt;&lt;script nonce="l_O9oTdKM2Bmb8egF3UGuA"&gt;(function(){var id='tsuid_1';document.getElementById(id).onclick = function(){var s = document.createElement('script');... (set the log level to DEBUG or TRACE to see the full content) 
 </msg>
<msg timestamp="20240225 01:21:58.758" level="INFO">${response} = &lt;Response [200]&gt;</msg>
<status status="PASS" starttime="20240225 01:21:58.051" endtime="20240225 01:21:58.758"/>
</kw>
<status status="PASS" starttime="20240225 01:21:58.050" endtime="20240225 01:21:58.759"/>
</test>
<test id="s1-s1-s1-t2" name="Quick Get Request With Parameters Test" line="8">
<kw name="GET" library="RequestsLibrary">
<var>${response}</var>
<arg>https://www.google.com/search</arg>
<arg>params=query=ciao</arg>
<arg>expected_status=200</arg>
<doc>Sends a GET request.</doc>
<msg timestamp="20240225 01:21:59.600" level="INFO">GET Request : url=https://www.google.com/search?query=ciao 
 path_url=/search?query=ciao 
 headers={'User-Agent': 'python-requests/2.31.0', 'Accept-Encoding': 'gzip, deflate', 'Accept': '*/*', 'Connection': 'keep-alive'} 
 body=None 
 </msg>
<msg timestamp="20240225 01:21:59.600" level="INFO">GET Response : url=https://www.google.com/search?query=ciao 
 status=200, reason=OK 
 headers={'Content-Type': 'text/html; charset=ISO-8859-1', 'Date': 'Sat, 24 Feb 2024 18:21:58 GMT', 'Expires': '-1', 'Cache-Control': 'private, max-age=0', 'Content-Security-Policy': "object-src 'none';base-uri 'self';script-src 'nonce-AI4roXAjtrh7YwqpDAwBaA' 'strict-dynamic' 'report-sample' 'unsafe-eval' 'unsafe-inline' https: http:;report-uri https://csp.withgoogle.com/csp/gws/xsrp", 'P3P': 'CP="This is not a P3P policy! See g.co/p3phelp for more info."', 'Content-Encoding': 'gzip', 'Server': 'gws', 'X-XSS-Protection': '0', 'X-Frame-Options': 'SAMEORIGIN', 'Set-Cookie': '1P_JAR=2024-02-24-18; expires=Mon, 25-Mar-2024 18:21:58 GMT; path=/; domain=.google.com; Secure, AEC=Ae3NU9NzJRcTJBvUK169Pb8_IFcAXPT0_5TrHqdN8C86zE3uiJjJUSQkNhA; expires=Thu, 22-Aug-2024 18:21:58 GMT; path=/; domain=.google.com; Secure; HttpOnly; SameSite=lax, NID=511=hDVOe6UhMnIHLm3rZosiBn4VYnSR92BLbEbXxmXVUUP0-ZNuiUoHje8SI4WrmS8aUP_b7cK447zTnO-vfMzJJ6-nCPDemwr3DBN_h8Qohag3Oax54MCq2OGPtirGWu0pJc3xCfBg8gCba1_rB02YAPOEHlsoznC1tQmJmiu2QsM; expires=Sun, 25-Aug-2024 18:21:58 GMT; path=/; domain=.google.com; HttpOnly', 'Alt-Svc': 'h3=":443"; ma=2592000,h3-29=":443"; ma=2592000', 'Transfer-Encoding': 'chunked'} 
 body=&lt;!doctype html&gt;&lt;html lang="id"&gt;&lt;head&gt;&lt;meta charset="UTF-8"&gt;&lt;meta content="/images/branding/googleg/1x/googleg_standard_color_128dp.png" itemprop="image"&gt;&lt;title&gt;ciao - Penelusuran Google&lt;/title&gt;&lt;script nonce="AI4roXAjtrh7YwqpDAwBaA"&gt;(function(){
document.documentElement.addEventListener("submit",function(b){var a;if(a=b.target){var c=a.getAttribute("data-submitfalse");a="1"===c||"q"===c&amp;&amp;!a.elements.q.value?!0:!1}else a=!1;a&amp;&amp;(b.preventDefault(),b.stopPropagation())},!0);document.documentElement.addEventListener("click",function(b){var a;a:{for(a=b.target;a&amp;&amp;a!==document.documentElement;a=a.parentElement)if("A"===a.tagName){a="1"===a.getAttribute("data-nohref");break a}a=!1}a&amp;&amp;b.preventDefault()},!0);}).call(this);(function(){var a=window.performance;window.start=Date.now();a:{var b=window;if(a){var c=a.timing;if(c){var d=c.navigationStart,f=c.responseStart;if(f&gt;d&amp;&amp;f&lt;=window.start){window.start=f;b.wsrt=f-d;break a}}a.now&amp;&amp;(b.wsrt=Math.floor(a.now()))}}window.google=window.google||{};var h=function(g){g&amp;&amp;g.target.setAttribute("data-iml",String(Date.now()))};document.documentElement.addEventListener("load",h,!0);google.rglh=function(){document.documentElement.removeEventListener("load",h,!0)};}).call(this);(function(){window.google.erd={jsr:1,bv:1961,de:true};})();(function(){var sdo=false;var mei=10;
var h=this||self;var k,l=null!=(k=h.mei)?k:1,n,p=null!=(n=h.sdo)?n:!0,q=0,r,t=google.erd,v=t.jsr;google.ml=function(a,b,d,m,e){e=void 0===e?2:e;b&amp;&amp;(r=a&amp;&amp;a.message);void 0===d&amp;&amp;(d={});d.cad="ple_"+google.ple+".aple_"+google.aple;if(google.dl)return google.dl(a,e,d),null;b=d;if(0&gt;v){window.console&amp;&amp;console.error(a,b);if(-2===v)throw a;b=!1}else b=!a||!a.message||"Error loading script"===a.message||q&gt;=l&amp;&amp;!m?!1:!0;if(!b)return null;q++;d=d||{};b=encodeURIComponent;var c="/gen_204?atyp=i&amp;ei="+b(google.kEI);google.kEXPI&amp;&amp;(c+="&amp;jexpid="+b(google.kEXPI));c+="&amp;srcpg="+b(google.sn)+"&amp;jsr="+b(t.jsr)+"&amp;bver="+
b(t.bv);var f=a.lineNumber;void 0!==f&amp;&amp;(c+="&amp;line="+f);var g=a.fileName;g&amp;&amp;(0&lt;g.indexOf("-extension:/")&amp;&amp;(e=3),c+="&amp;script="+b(g),f&amp;&amp;g===window.location.href&amp;&amp;(f=document.documentElement.outerHTML.split("\n")[f],c+="&amp;cad="+b(f?f.substring(0,300):"No script found.")));google.ple&amp;&amp;1===google.ple&amp;&amp;(e=2);c+="&amp;jsel="+e;for(var u in d)c+="&amp;",c+=b(u),c+="=",c+=b(d[u]);c=c+"&amp;emsg="+b(a.name+": "+a.message);c=c+"&amp;jsst="+b(a.stack||"N/A");12288&lt;=c.length&amp;&amp;(c=c.substr(0,12288));a=c;m||google.log(0,"",a);return a};window.onerror=function(a,b,d,m,e){r!==a&amp;&amp;(a=e instanceof Error?e:Error(a),void 0===d||"lineNumber"in a||(a.lineNumber=d),void 0===b||"fileName"in a||(a.fileName=b),google.ml(a,!1,void 0,!1,"SyntaxError"===a.name||"SyntaxError"===a.message.substring(0,11)||-1!==a.message.indexOf("Script error")?3:0));r=null;p&amp;&amp;q&gt;=l&amp;&amp;(window.onerror=null)};})();(function(){var c=[],e=0;window.ping=function(b){-1==b.indexOf("&amp;zx")&amp;&amp;(b+="&amp;zx="+Date.now());var a=new Image,d=e++;c[d]=a;a.onerror=a.onload=a.onabort=function(){delete c[d]};a.src=b};}).call(this);&lt;/script&gt;&lt;style&gt;a{color:#1a0dab;text-decoration:none;tap-highlight-color:rgba(0,0,0,.10)}a:visited{color:#4b11a8}a:hover{text-decoration:underline}img{border:0}html{font-family:arial,sans-serif;font-size:14px;line-height:20px;text-size-adjust:100%;color:#3c4043;word-wrap:break-word;background-color:#fff}.bRsWnc{background-color:#fff;border-top:1px solid #dadce0;height:39px;overflow:hidden}.N6RWV{height:51px;overflow-scrolling:touch;overflow-x:auto;overflow-y:hidden}.Uv67qb{box-pack:justify;font-size:12px;line-height:37px;justify-content:space-between;justify-content:space-between}.Uv67qb a,.Uv67qb span{color:#70757a;display:block;flex:none;padding:0 16px;text-align:center;text-transform:uppercase;}span.OXXup{border-bottom:2px solid #4285f4;color:#4285f4;font-weight:bold}a.eZt8xd:visited{color:#70757a}.FElbsf{border-left:1px solid rgba(0,0,0,.12)}header article{overflow:visible}.Pg70bf{height:39px;display:box;display:flex;display:flex;width:100%}.H0PQec{position:relative;flex:1}.sbc{display:flex;width:100%}.Pg70bf input{margin:2px 4px 2px 8px;}.x{width:26px;color:#70757a;font:27px/38px arial, sans-serif;line-height:40px;}#qdClwb{flex:0 0 auto;width:39px;height:39px;border-bottom:0;padding:0;border-top-right-radius:8px;background-color:#1a73e8;border:1px solid #1a73e8;background-image:url(data:image/gif;base64,R0lGODdhJAAjAPIHAODr/nCk+MPZ/FmV96zK+/7+/5K5+kqL9iwAAAAAJAAjAEADani63P4wykmbKcQRXDscQAEMXmmeaLQVLCukzyC09AjfeK7v/MAajACLhPMVAgwjsUcEiZa8xgAYrVqv2Kx2iwsIAAABknfBBAKrTE4IcMyot8ur8datqIbQfJdnAfo2WE6BV05wXIiJigkAOw==);}.sc{font-size:16px;position:absolute;top:39px;left:0;right:0;box-shadow:0 2px 5px rgba(0,0,0,.2);z-index:2;background-color:#fff}.sc&gt;div{padding:10px 10px;padding-left:16px;padding-left:14px;border-top:1px solid #dfe1e5;}.scs{background-color:#fafafa;}.noHIxc{display:block;font-size:16px;padding:0 0 0 8px;flex:1;height:35px;outline:none;border:none;width:100%;-webkit-tap-highlight-color:rgba(0,0,0,0);overflow:hidden;}.sbc input[type=text]{background:none}.bz1lBb{background-color:#fff;border-radius:8px 8px 0 0;box-shadow:0 0 0 1px #dfe1e5;margin-top:24px;}.KP7LCb{border-radius:0 0 8px 8px;box-shadow:0px 1px 0px 1px #dfe1e5;margin-bottom:30px;overflow:hidden}html{background-color:#fff}body{margin:0 auto 0 156px;max-width:652px;min-width:652px;padding:0 8px}.cOl4Id{letter-spacing:-1px;text-align:center;font:22pt Futura, Arial, sans-serif;height:37px;font-smoothing:antialiased;padding:32px 28px 0 24px;position:absolute;left:0;top:0}.cOl4Id span{display:inline-block}.V6gwVd{color:#4285f4}.iWkuvd{color:#ea4335}.cDrQ7{color:#fcc934}.ntlR9{color:#34a853}.tJ3Myc{-webkit-transform:rotate(-20deg);position:relative;left:-1px;display:inline-block}footer{text-align:center;margin-top:18px}footer a,footer a:visited,.smiUbb{color:#70757a}.xeDNfc{margin:0 13px;display:inline-block}#EOlPnc{margin-top:36px}#EOlPnc&gt;div{margin:20px}.Srfpq{color:#70757a}&lt;/style&gt;&lt;/head&gt;&lt;body jsmodel="hspDDf "&gt;&lt;header id="hdr"&gt;&lt;script nonce="AI4roXAjtrh7YwqpDAwBaA"&gt;(function(){
var k=this||self,l=function(a){var b=typeof a;return"object"==b&amp;&amp;null!=a||"function"==b},m=function(a,b){function c(){}c.prototype=b.prototype;a.j=b.prototype;a.prototype=new c;a.prototype.constructor=a;a.l=function(d,e,f){for(var g=Array(arguments.length-2),h=2;h&lt;arguments.length;h++)g[h-2]=arguments[h];return b.prototype[e].apply(d,g)}};var n=Array.prototype.indexOf?function(a,b){return Array.prototype.indexOf.call(a,b,void 0)}:function(a,b){if("string"===typeof a)return"string"!==typeof b||1!=b.length?-1:a.indexOf(b,0);for(var c=0;c&lt;a.length;c++)if(c in a&amp;&amp;a[c]===b)return c;return-1};var p=function(a){return"string"==typeof a.className?a.className:a.getAttribute&amp;&amp;a.getAttribute("class")||""},q=function(a,b){"string"==typeof a.className?a.className=b:a.setAttribute&amp;&amp;a.setAttribute("class",b)},r=function(a,b){a.classList?b=a.classList.contains(b):(a=a.classList?a.classList:p(a).match(/\S+/g)||[],b=0&lt;=n(a,b));return b},v=function(){var a=t,b=u;a.classList?a.classList.remove(b):r(a,b)&amp;&amp;q(a,Array.prototype.filter.call(a.classList?a.classList:p(a).match(/\S+/g)||[],function(c){return c!=
b}).join(" "))};function w(){var a=k.navigator;return a&amp;&amp;(a=a.userAgent)?a:""};var x=function(a){x[" "](a);return a};x[" "]=function(){};var y=-1!=w().indexOf("Gecko")&amp;&amp;!(-1!=w().toLowerCase().indexOf("webkit")&amp;&amp;-1==w().indexOf("Edge"))&amp;&amp;!(-1!=w().indexOf("Trident")||-1!=w().indexOf("MSIE"))&amp;&amp;-1==w().indexOf("Edge");var z=function(a,b){this.type=a;this.target=b};z.prototype.g=function(){};var A=function(){if(!k.addEventListener||!Object.defineProperty)return!1;var a=!1,b=Object.defineProperty({},"passive",{get:function(){a=!0}});try{var c=function(){};k.addEventListener("test",c,b);k.removeEventListener("test",c,b)}catch(d){}return a}();var C=function(a){z.call(this,a?a.type:"");this.relatedTarget=this.target=null;this.button=this.screenY=this.screenX=this.clientY=this.clientX=0;this.key="";this.keyCode=0;this.metaKey=this.shiftKey=this.altKey=this.ctrlKey=!1;this.state=null;this.pointerId=0;this.pointerType="";this.h=null;if(a){var b=this.type=a.type,c=a.changedTouches&amp;&amp;a.changedTouches.length?a.changedTouches[0]:null;this.target=a.target||a.srcElement;var d=a.relatedTarget;if(d){if(y){a:{try{x(d.nodeName);var e=!0;break a}catch(f){}e=
!1}e||(d=null)}}else"mouseover"==b?d=a.fromElement:"mouseout"==b&amp;&amp;(d=a.toElement);this.relatedTarget=d;c?(this.clientX=void 0!==c.clientX?c.clientX:c.pageX,this.clientY=void 0!==c.clientY?c.clientY:c.pageY,this.screenX=c.screenX||0,this.screenY=c.screenY||0):(this.clientX=void 0!==a.clientX?a.clientX:a.pageX,this.clientY=void 0!==a.clientY?a.clientY:a.pageY,this.screenX=a.screenX||0,this.screenY=a.screenY||0);this.button=a.button;this.keyCode=a.keyCode||0;this.key=a.key||"";this.ctrlKey=a.ctrlKey;this.altKey=a.altKey;this.shiftKey=a.shiftKey;this.metaKey=a.metaKey;this.pointerId=a.pointerId||0;this.pointerType="string"===typeof a.pointerType?a.pointerType:B[a.pointerType]||"";this.state=a.state;this.h=a;a.defaultPrevented&amp;&amp;C.j.g.call(this)}};m(C,z);var B={2:"touch",3:"pen",4:"mouse"};C.prototype.g=function(){C.j.g.call(this);var a=this.h;a.preventDefault?a.preventDefault():a.returnValue=!1};var D="closure_listenable_"+(1E6*Math.random()|0);var E=0;var F=function(a,b,c,d,e){this.listener=a;this.proxy=null;this.src=b;this.type=c;this.capture=!!d;this.h=e;this.key=++E;this.g=this.i=!1},G=function(a){a.g=!0;a.listener=null;a.proxy=null;a.src=null;a.h=null};var H=function(a){this.src=a;this.g={};this.h=0};H.prototype.add=function(a,b,c,d,e){var f=a.toString();a=this.g[f];a||(a=this.g[f]=[],this.h++);var g;a:{for(g=0;g&lt;a.length;++g){var h=a[g];if(!h.g&amp;&amp;h.listener==b&amp;&amp;h.capture==!!d&amp;&amp;h.h==e)break a}g=-1}-1&lt;g?(b=a[g],c||(b.i=!1)):(b=new F(b,this.src,f,!!d,e),b.i=c,a.push(b));return b};var I="closure_lm_"+(1E6*Math.random()|0),J={},K=0,M=function(a,b,c,d,e){if(d&amp;&amp;d.once)return L(a,b,c,d,e);if(Array.isArray(b)){for(var f=0;f&lt;b.length;f++)M(a,b[f],c,d,e);return null}c=N(c);return a&amp;&amp;a[D]?a.g(b,c,l(d)?!!d.capture:!!d,e):O(a,b,c,!1,d,e)},O=... (set the log level to DEBUG or TRACE to see the full content) 
 </msg>
<msg timestamp="20240225 01:21:59.604" level="INFO">${response} = &lt;Response [200]&gt;</msg>
<status status="PASS" starttime="20240225 01:21:58.762" endtime="20240225 01:21:59.604"/>
</kw>
<status status="PASS" starttime="20240225 01:21:58.761" endtime="20240225 01:21:59.604"/>
</test>
<test id="s1-s1-s1-t3" name="Quick Get A JSON Body Test" line="11">
<kw name="GET" library="RequestsLibrary">
<var>${response}</var>
<arg>https://jsonplaceholder.typicode.com/posts/1</arg>
<doc>Sends a GET request.</doc>
<msg timestamp="20240225 01:22:00.221" level="INFO">GET Request : url=https://jsonplaceholder.typicode.com/posts/1 
 path_url=/posts/1 
 headers={'User-Agent': 'python-requests/2.31.0', 'Accept-Encoding': 'gzip, deflate', 'Accept': '*/*', 'Connection': 'keep-alive'} 
 body=None 
 </msg>
<msg timestamp="20240225 01:22:00.221" level="INFO">GET Response : url=https://jsonplaceholder.typicode.com/posts/1 
 status=200, reason=OK 
 headers={'Date': 'Sat, 24 Feb 2024 18:21:58 GMT', 'Content-Type': 'application/json; charset=utf-8', 'Transfer-Encoding': 'chunked', 'Connection': 'keep-alive', 'Report-To': '{"group":"heroku-nel","max_age":3600,"endpoints":[{"url":"https://nel.heroku.com/reports?ts=1701291977&amp;sid=e11707d5-02a7-43ef-b45e-2cf4d2036f7d&amp;s=5qks77mL8JX60Zpsp%2FGwFfgO4%2BMbbSnm29LKSzXVcLc%3D"}]}', 'Reporting-Endpoints': 'heroku-nel=https://nel.heroku.com/reports?ts=1701291977&amp;sid=e11707d5-02a7-43ef-b45e-2cf4d2036f7d&amp;s=5qks77mL8JX60Zpsp%2FGwFfgO4%2BMbbSnm29LKSzXVcLc%3D', 'Nel': '{"report_to":"heroku-nel","max_age":3600,"success_fraction":0.005,"failure_fraction":0.05,"response_headers":["Via"]}', 'X-Powered-By': 'Express', 'X-Ratelimit-Limit': '1000', 'X-Ratelimit-Remaining': '999', 'X-Ratelimit-Reset': '1701292030', 'Vary': 'Origin, Accept-Encoding', 'Access-Control-Allow-Credentials': 'true', 'Cache-Control': 'max-age=43200', 'Pragma': 'no-cache', 'Expires': '-1', 'X-Content-Type-Options': 'nosniff', 'Etag': 'W/"124-yiKdLzqO5gfBrJFrcdJ8Yq0LGnU"', 'Via': '1.1 vegur', 'CF-Cache-Status': 'HIT', 'Age': '18325', 'Server': 'cloudflare', 'CF-RAY': '85a9bb3b9e9b2388-HKG', 'Content-Encoding': 'gzip', 'alt-svc': 'h3=":443"; ma=86400'} 
 body={
  "userId": 1,
  "id": 1,
  "title": "sunt aut facere repellat provident occaecati excepturi optio reprehenderit",
  "body": "quia et suscipit\nsuscipit recusandae consequuntur expedita et cum\nreprehenderit molestiae ut ut quas totam\nnostrum rerum est autem sunt rem eveniet architecto"
} 
 </msg>
<msg timestamp="20240225 01:22:00.221" level="INFO">${response} = &lt;Response [200]&gt;</msg>
<status status="PASS" starttime="20240225 01:21:59.606" endtime="20240225 01:22:00.221"/>
</kw>
<kw name="Should Be Equal As Strings" library="BuiltIn">
<arg>1</arg>
<arg>${response.json()}[id]</arg>
<doc>Fails if objects are unequal after converting them to strings.</doc>
<msg timestamp="20240225 01:22:00.223" level="INFO">Argument types are:
&lt;class 'str'&gt;
&lt;class 'int'&gt;</msg>
<status status="PASS" starttime="20240225 01:22:00.222" endtime="20240225 01:22:00.223"/>
</kw>
<status status="PASS" starttime="20240225 01:21:59.606" endtime="20240225 01:22:00.223"/>
</test>
<status status="PASS" starttime="20240225 01:21:57.912" endtime="20240225 01:22:00.226"/>
</suite>
<suite id="s1-s1-s2" name="Checkout" source="D:\Project\Sauce Demo\SauceDemo\Test Case\Checkout">
<suite id="s1-s1-s2-s1" name="Checkout" source="D:\Project\Sauce Demo\SauceDemo\Test Case\Checkout\checkout.robot">
<test id="s1-s1-s2-s1-t1" name="Check Out 1 Item" line="14">
<kw name="Open Browser And Login" library="asset_master" type="SETUP">
<kw name="Open Browser And Get User Login" library="asset_login">
<kw name="Open Browser" library="SeleniumLibrary">
<arg>${URL}</arg>
<arg>${BROWSER}</arg>
<doc>Opens a new browser instance to the optional ``url``.</doc>
<msg timestamp="20240225 01:22:00.488" level="INFO">Opening browser 'Chrome' to base url 'https://www.saucedemo.com/'.</msg>
<status status="PASS" starttime="20240225 01:22:00.488" endtime="20240225 01:22:03.167"/>
</kw>
<kw name="Maximize Browser Window" library="SeleniumLibrary">
<doc>Maximizes current browser window.</doc>
<status status="PASS" starttime="20240225 01:22:03.167" endtime="20240225 01:22:03.292"/>
</kw>
<kw name="Create List" library="BuiltIn">
<var>@{UserLogin}</var>
<doc>Returns a list containing given items.</doc>
<msg timestamp="20240225 01:22:03.293" level="INFO">@{UserLogin} = [ ]</msg>
<status status="PASS" starttime="20240225 01:22:03.293" endtime="20240225 01:22:03.293"/>
</kw>
<kw name="Create List" library="BuiltIn">
<var>@{Password}</var>
<doc>Returns a list containing given items.</doc>
<msg timestamp="20240225 01:22:03.293" level="INFO">@{Password} = [ ]</msg>
<status status="PASS" starttime="20240225 01:22:03.293" endtime="20240225 01:22:03.293"/>
</kw>
<kw name="Wait Until Element Is Visible" library="SeleniumLibrary">
<arg>${Text_UserLogin}</arg>
<doc>Waits until the element ``locator`` is visible.</doc>
<status status="PASS" starttime="20240225 01:22:03.293" endtime="20240225 01:22:03.337"/>
</kw>
<kw name="Get Text" library="SeleniumLibrary">
<var>${List_Username}</var>
<arg>${Text_UserLogin}</arg>
<doc>Returns the text value of the element identified by ``locator``.</doc>
<msg timestamp="20240225 01:22:03.377" level="INFO">${List_Username} = Accepted usernames are:
standard_user
locked_out_user
problem_user
performance_glitch_user
error_user
visual_user</msg>
<status status="PASS" starttime="20240225 01:22:03.337" endtime="20240225 01:22:03.377"/>
</kw>
<kw name="Data Cleansing" library="asset_login">
<var>${UserLogin}</var>
<arg>${List_Username}</arg>
<kw name="Split String" library="String">
<var>@{NewData}</var>
<arg>${data}</arg>
<arg>\n</arg>
<doc>Splits the ``string`` using ``separator`` as a delimiter string.</doc>
<msg timestamp="20240225 01:22:03.380" level="INFO">@{NewData} = [ Accepted usernames are: | standard_user | locked_out_user | problem_user | performance_glitch_user | error_user | visual_user ]</msg>
<status status="PASS" starttime="20240225 01:22:03.379" endtime="20240225 01:22:03.380"/>
</kw>
<kw name="Remove From List" library="Collections">
<arg>${NewData}</arg>
<arg>0</arg>
<doc>Removes and returns the value specified with an ``index`` from ``list``.</doc>
<status status="PASS" starttime="20240225 01:22:03.380" endtime="20240225 01:22:03.380"/>
</kw>
<return>
<value>${NewData}</value>
<status status="PASS" starttime="20240225 01:22:03.380" endtime="20240225 01:22:03.380"/>
</return>
<msg timestamp="20240225 01:22:03.380" level="INFO">${UserLogin} = ['standard_user', 'locked_out_user', 'problem_user', 'performance_glitch_user', 'error_user', 'visual_user']</msg>
<status status="PASS" starttime="20240225 01:22:03.379" endtime="20240225 01:22:03.380"/>
</kw>
<kw name="Get Text" library="SeleniumLibrary">
<var>${List_Password}</var>
<arg>${Text_Password}</arg>
<doc>Returns the text value of the element identified by ``locator``.</doc>
<msg timestamp="20240225 01:22:03.415" level="INFO">${List_Password} = Password for all users:
secret_sauce</msg>
<status status="PASS" starttime="20240225 01:22:03.380" endtime="20240225 01:22:03.415"/>
</kw>
<kw name="Data Cleansing" library="asset_login">
<var>@{Password}</var>
<arg>${List_Password}</arg>
<kw name="Split String" library="String">
<var>@{NewData}</var>
<arg>${data}</arg>
<arg>\n</arg>
<doc>Splits the ``string`` using ``separator`` as a delimiter string.</doc>
<msg timestamp="20240225 01:22:03.417" level="INFO">@{NewData} = [ Password for all users: | secret_sauce ]</msg>
<status status="PASS" starttime="20240225 01:22:03.417" endtime="20240225 01:22:03.417"/>
</kw>
<kw name="Remove From List" library="Collections">
<arg>${NewData}</arg>
<arg>0</arg>
<doc>Removes and returns the value specified with an ``index`` from ``list``.</doc>
<status status="PASS" starttime="20240225 01:22:03.417" endtime="20240225 01:22:03.417"/>
</kw>
<return>
<value>${NewData}</value>
<status status="PASS" starttime="20240225 01:22:03.417" endtime="20240225 01:22:03.418"/>
</return>
<msg timestamp="20240225 01:22:03.418" level="INFO">@{Password} = [ secret_sauce ]</msg>
<status status="PASS" starttime="20240225 01:22:03.415" endtime="20240225 01:22:03.418"/>
</kw>
<kw name="Set Global Variable" library="BuiltIn">
<arg>${UserLogin}</arg>
<doc>Makes a variable available globally in all tests and suites.</doc>
<msg timestamp="20240225 01:22:03.418" level="INFO">${UserLogin} = ['standard_user', 'locked_out_user', 'problem_user', 'performance_glitch_user', 'error_user', 'visual_user']</msg>
<status status="PASS" starttime="20240225 01:22:03.418" endtime="20240225 01:22:03.418"/>
</kw>
<kw name="Set Global Variable" library="BuiltIn">
<arg>${Password}</arg>
<doc>Makes a variable available globally in all tests and suites.</doc>
<msg timestamp="20240225 01:22:03.419" level="INFO">${Password} = ['secret_sauce']</msg>
<status status="PASS" starttime="20240225 01:22:03.419" endtime="20240225 01:22:03.419"/>
</kw>
<status status="PASS" starttime="20240225 01:22:00.487" endtime="20240225 01:22:03.419"/>
</kw>
<kw name="Login User" library="asset_login">
<arg>${UserLogin}[0]</arg>
<kw name="Input Text" library="SeleniumLibrary">
<arg>${Input_Username}</arg>
<arg>${User}</arg>
<doc>Types the given ``text`` into the text field identified by ``locator``.</doc>
<msg timestamp="20240225 01:22:03.420" level="INFO">Typing text 'standard_user' into text field '//input[@id = 'user-name']'.</msg>
<status status="PASS" starttime="20240225 01:22:03.419" endtime="20240225 01:22:03.645"/>
</kw>
<kw name="Input Text" library="SeleniumLibrary">
<arg>${Input_Password}</arg>
<arg>${Pass}</arg>
<doc>Types the given ``text`` into the text field identified by ``locator``.</doc>
<msg timestamp="20240225 01:22:03.645" level="INFO">Typing text 'secret_sauce' into text field '//input[@id = 'password']'.</msg>
<status status="PASS" starttime="20240225 01:22:03.645" endtime="20240225 01:22:03.833"/>
</kw>
<kw name="Click Element" library="SeleniumLibrary">
<arg>${Button_Login}</arg>
<doc>Click the element identified by ``locator``.</doc>
<msg timestamp="20240225 01:22:03.835" level="INFO">Clicking element '//input[@id = 'login-button']'.</msg>
<status status="PASS" starttime="20240225 01:22:03.833" endtime="20240225 01:22:03.995"/>
</kw>
<status status="PASS" starttime="20240225 01:22:03.419" endtime="20240225 01:22:03.996"/>
</kw>
<kw name="Create List" library="BuiltIn">
<var>@{List_Cart}</var>
<doc>Returns a list containing given items.</doc>
<msg timestamp="20240225 01:22:03.996" level="INFO">@{List_Cart} = [ ]</msg>
<status status="PASS" starttime="20240225 01:22:03.996" endtime="20240225 01:22:03.996"/>
</kw>
<kw name="Set Global Variable" library="BuiltIn">
<arg>@{List_Cart}</arg>
<doc>Makes a variable available globally in all tests and suites.</doc>
<msg timestamp="20240225 01:22:03.997" level="INFO">@{List_Cart} = [ ]</msg>
<status status="PASS" starttime="20240225 01:22:03.996" endtime="20240225 01:22:03.997"/>
</kw>
<status status="PASS" starttime="20240225 01:22:00.487" endtime="20240225 01:22:03.997"/>
</kw>
<kw name="Select Item" library="asset_MainPage">
<arg>Sauce Labs Backpack</arg>
<kw name="Create Dictionary" library="BuiltIn">
<var>${temp_var}</var>
<doc>Creates and returns a dictionary based on the given ``items``.</doc>
<msg timestamp="20240225 01:22:03.999" level="INFO">${temp_var} = {}</msg>
<status status="PASS" starttime="20240225 01:22:03.998" endtime="20240225 01:22:03.999"/>
</kw>
<kw name="Replace String" library="String">
<var>${Button_AddToCart}</var>
<arg>${Locator_AddToCart}</arg>
<arg>@Param</arg>
<arg>${Item}</arg>
<doc>Replaces ``search_for`` in the given ``string`` with ``replace_with``.</doc>
<msg timestamp="20240225 01:22:03.999" level="INFO">${Button_AddToCart} = //div[text() = 'Sauce Labs Backpack']//ancestor::div[@class='inventory_item_label']/following-sibling::div/button</msg>
<status status="PASS" starttime="20240225 01:22:03.999" endtime="20240225 01:22:03.999"/>
</kw>
<kw name="Replace String" library="String">
<var>${Description}</var>
<arg>${Locator_Description}</arg>
<arg>@Param</arg>
<arg>${Item}</arg>
<doc>Replaces ``search_for`` in the given ``string`` with ``replace_with``.</doc>
<msg timestamp="20240225 01:22:04.000" level="INFO">${Description} = //div[text() = 'Sauce Labs Backpack']/parent::a/following-sibling::div</msg>
<status status="PASS" starttime="20240225 01:22:04.000" endtime="20240225 01:22:04.000"/>
</kw>
<kw name="Replace String" library="String">
<var>${Price}</var>
<arg>${Locator_Price}</arg>
<arg>@Param</arg>
<arg>${Item}</arg>
<doc>Replaces ``search_for`` in the given ``string`` with ``replace_with``.</doc>
<msg timestamp="20240225 01:22:04.001" level="INFO">${Price} = //div[text() = 'Sauce Labs Backpack']/ancestor::div[@class = 'inventory_item_label']/following-sibling::div/div[@class = 'inventory_item_price']</msg>
<status status="PASS" starttime="20240225 01:22:04.000" endtime="20240225 01:22:04.001"/>
</kw>
<kw name="Get Text" library="SeleniumLibrary">
<var>${Value_Description}</var>
<arg>${Description}</arg>
<doc>Returns the text value of the element identified by ``locator``.</doc>
<msg timestamp="20240225 01:22:04.040" level="INFO">${Value_Description} = carry.allTheThings() with the sleek, streamlined Sly Pack that melds uncompromising style with unequaled laptop and tablet protection.</msg>
<status status="PASS" starttime="20240225 01:22:04.001" endtime="20240225 01:22:04.040"/>
</kw>
<kw name="Get Text" library="SeleniumLibrary">
<var>${Value_Price}</var>
<arg>${Price}</arg>
<doc>Returns the text value of the element identified by ``locator``.</doc>
<msg timestamp="20240225 01:22:04.075" level="INFO">${Value_Price} = $29.99</msg>
<status status="PASS" starttime="20240225 01:22:04.040" endtime="20240225 01:22:04.075"/>
</kw>
<kw name="Scroll Element Into View" library="SeleniumLibrary">
<arg>${Button_AddToCart}</arg>
<doc>Scrolls the element identified by ``locator`` into view.</doc>
<status status="PASS" starttime="20240225 01:22:04.075" endtime="20240225 01:22:04.363"/>
</kw>
<kw name="Click Element" library="SeleniumLibrary">
<arg>${Button_AddToCart}</arg>
<doc>Click the element identified by ``locator``.</doc>
<msg timestamp="20240225 01:22:04.365" level="INFO">Clicking element '//div[text() = 'Sauce Labs Backpack']//ancestor::div[@class='inventory_item_label']/following-sibling::div/button'.</msg>
<status status="PASS" starttime="20240225 01:22:04.363" endtime="20240225 01:22:04.440"/>
</kw>
<kw name="Create Dictionary" library="BuiltIn">
<var>${temp_var}</var>
<arg>Item=${Item}</arg>
<arg>Description=${Value_Description}</arg>
<arg>Price=${Value_Price}</arg>
<doc>Creates and returns a dictionary based on the given ``items``.</doc>
<msg timestamp="20240225 01:22:04.440" level="INFO">${temp_var} = {'Item': 'Sauce Labs Backpack', 'Description': 'carry.allTheThings() with the sleek, streamlined Sly Pack that melds uncompromising style with unequaled laptop and tablet protection.', 'Price': '$29.9...</msg>
<status status="PASS" starttime="20240225 01:22:04.440" endtime="20240225 01:22:04.440"/>
</kw>
<kw name="Append To List" library="Collections">
<arg>${List_Cart}</arg>
<arg>${temp_var}</arg>
<doc>Adds ``values`` to the end of ``list``.</doc>
<status status="PASS" starttime="20240225 01:22:04.441" endtime="20240225 01:22:04.442"/>
</kw>
<status status="PASS" starttime="20240225 01:22:03.998" endtime="20240225 01:22:04.442"/>
</kw>
<kw name="Click Cart" library="asset_checkout">
<kw name="Wait Until Element Is Visible" library="SeleniumLibrary">
<arg>${Button_Cart}</arg>
<doc>Waits until the element ``locator`` is visible.</doc>
<status status="PASS" starttime="20240225 01:22:04.443" endtime="20240225 01:22:04.482"/>
</kw>
<kw name="Click Element" library="SeleniumLibrary">
<arg>${Button_Cart}</arg>
<doc>Click the element identified by ``locator``.</doc>
<msg timestamp="20240225 01:22:04.483" level="INFO">Clicking element 'id:shopping_cart_container'.</msg>
<status status="PASS" starttime="20240225 01:22:04.482" endtime="20240225 01:22:04.571"/>
</kw>
<kw name="Validate Page Title" library="asset_master">
<arg>Cart</arg>
<kw name="Get Text" library="SeleniumLibrary">
<var>${Current_Page}</var>
<arg>${Text_Title}</arg>
<doc>Returns the text value of the element identified by ``locator``.</doc>
<msg timestamp="20240225 01:22:04.606" level="INFO">${Current_Page} = Your Cart</msg>
<status status="PASS" starttime="20240225 01:22:04.571" endtime="20240225 01:22:04.606"/>
</kw>
<kw name="Get From Dictionary" library="Collections">
<var>${Expected_Page}</var>
<arg>${Title_Dict}</arg>
<arg>${Page}</arg>
<doc>Returns a value from the given ``dictionary`` based on the given ``key``.</doc>
<msg timestamp="20240225 01:22:04.606" level="INFO">${Expected_Page} = Your Cart</msg>
<status status="PASS" starttime="20240225 01:22:04.606" endtime="20240225 01:22:04.606"/>
</kw>
<kw name="Should Be Equal As Strings" library="BuiltIn">
<arg>${Current_Page}</arg>
<arg>${Expected_Page}</arg>
<doc>Fails if objects are unequal after converting them to strings.</doc>
<status status="PASS" starttime="20240225 01:22:04.606" endtime="20240225 01:22:04.607"/>
</kw>
<status status="PASS" starttime="20240225 01:22:04.571" endtime="20240225 01:22:04.607"/>
</kw>
<status status="PASS" starttime="20240225 01:22:04.442" endtime="20240225 01:22:04.607"/>
</kw>
<kw name="Validate Item Cart" library="asset_checkout">
<kw name="Get Element Count" library="SeleniumLibrary">
<var>${Item_Cart}</var>
<arg>${Item_Cart_Locator}</arg>
<doc>Returns the number of elements matching ``locator``.</doc>
<msg timestamp="20240225 01:22:04.626" level="INFO">${Item_Cart} = 1</msg>
<status status="PASS" starttime="20240225 01:22:04.608" endtime="20240225 01:22:04.626"/>
</kw>
<kw name="Create List" library="BuiltIn">
<var>@{Expected_Item_Cart}</var>
<doc>Returns a list containing given items.</doc>
<msg timestamp="20240225 01:22:04.628" level="INFO">@{Expected_Item_Cart} = [ ]</msg>
<status status="PASS" starttime="20240225 01:22:04.627" endtime="20240225 01:22:04.628"/>
</kw>
<kw name="Create Dictionary" library="BuiltIn">
<var>${temp_var}</var>
<doc>Creates and returns a dictionary based on the given ``items``.</doc>
<msg timestamp="20240225 01:22:04.628" level="INFO">${temp_var} = {}</msg>
<status status="PASS" starttime="20240225 01:22:04.628" endtime="20240225 01:22:04.628"/>
</kw>
<for flavor="IN RANGE">
<var>${Row}</var>
<value>1</value>
<value>${Item_Cart + 1}</value>
<iter>
<var name="${Row}">1</var>
<kw name="Convert To String" library="BuiltIn">
<var>${RowStr}</var>
<arg>${Row}</arg>
<doc>Converts the given item to a Unicode string.</doc>
<msg timestamp="20240225 01:22:04.630" level="INFO">${RowStr} = 1</msg>
<status status="PASS" starttime="20240225 01:22:04.629" endtime="20240225 01:22:04.630"/>
</kw>
<kw name="Replace String" library="String">
<var>${Name}</var>
<arg>${Locator_Cart_Name}</arg>
<arg>@Num</arg>
<arg>${RowStr}</arg>
<doc>Replaces ``search_for`` in the given ``string`` with ``replace_with``.</doc>
<msg timestamp="20240225 01:22:04.630" level="INFO">${Name} = (//div[@class='cart_item'])[1]//div[@class='inventory_item_name']</msg>
<status status="PASS" starttime="20240225 01:22:04.630" endtime="20240225 01:22:04.630"/>
</kw>
<kw name="Replace String" library="String">
<var>${Description}</var>
<arg>${Locator_Cart_Description}</arg>
<arg>@Num</arg>
<arg>${RowStr}</arg>
<doc>Replaces ``search_for`` in the given ``string`` with ``replace_with``.</doc>
<msg timestamp="20240225 01:22:04.630" level="INFO">${Description} = (//div[@class='cart_item'])[1]//div[@class='inventory_item_desc']</msg>
<status status="PASS" starttime="20240225 01:22:04.630" endtime="20240225 01:22:04.630"/>
</kw>
<kw name="Replace String" library="String">
<var>${Price}</var>
<arg>${Locator_Cart_Price}</arg>
<arg>@Num</arg>
<arg>${RowStr}</arg>
<doc>Replaces ``search_for`` in the given ``string`` with ``replace_with``.</doc>
<msg timestamp="20240225 01:22:04.631" level="INFO">${Price} = (//div[@class='cart_item'])[1]//div[@class='inventory_item_price']</msg>
<status status="PASS" starttime="20240225 01:22:04.631" endtime="20240225 01:22:04.631"/>
</kw>
<kw name="Get Text" library="SeleniumLibrary">
<var>${Value_Name}</var>
<arg>${Name}</arg>
<doc>Returns the text value of the element identified by ``locator``.</doc>
<msg timestamp="20240225 01:22:04.663" level="INFO">${Value_Name} = Sauce Labs Backpack</msg>
<status status="PASS" starttime="20240225 01:22:04.631" endtime="20240225 01:22:04.663"/>
</kw>
<kw name="Get Text" library="SeleniumLibrary">
<var>${Value_Description}</var>
<arg>${Description}</arg>
<doc>Returns the text value of the element identified by ``locator``.</doc>
<msg timestamp="20240225 01:22:04.696" level="INFO">${Value_Description} = carry.allTheThings() with the sleek, streamlined Sly Pack that melds uncompromising style with unequaled laptop and tablet protection.</msg>
<status status="PASS" starttime="20240225 01:22:04.663" endtime="20240225 01:22:04.696"/>
</kw>
<kw name="Get Text" library="SeleniumLibrary">
<var>${Value_Price}</var>
<arg>${Price}</arg>
<doc>Returns the text value of the element identified by ``locator``.</doc>
<msg timestamp="20240225 01:22:04.730" level="INFO">${Value_Price} = $29.99</msg>
<status status="PASS" starttime="20240225 01:22:04.696" endtime="20240225 01:22:04.730"/>
</kw>
<kw name="Create Dictionary" library="BuiltIn">
<var>${temp_var}</var>
<arg>Item=${Value_Name}</arg>
<arg>Description=${Value_Description}</arg>
<arg>Price=${Value_Price}</arg>
<doc>Creates and returns a dictionary based on the given ``items``.</doc>
<msg timestamp="20240225 01:22:04.730" level="INFO">${temp_var} = {'Item': 'Sauce Labs Backpack', 'Description': 'carry.allTheThings() with the sleek, streamlined Sly Pack that melds uncompromising style with unequaled laptop and tablet protection.', 'Price': '$29.9...</msg>
<status status="PASS" starttime="20240225 01:22:04.730" endtime="20240225 01:22:04.730"/>
</kw>
<kw name="Append To List" library="Collections">
<arg>${Expected_Item_Cart}</arg>
<arg>${temp_var}</arg>
<doc>Adds ``values`` to the end of ``list``.</doc>
<status status="PASS" starttime="20240225 01:22:04.730" endtime="20240225 01:22:04.731"/>
</kw>
<status status="PASS" starttime="20240225 01:22:04.629" endtime="20240225 01:22:04.731"/>
</iter>
<status status="PASS" starttime="20240225 01:22:04.628" endtime="20240225 01:22:04.731"/>
</for>
<kw name="Lists Should Be Equal" library="Collections">
<arg>${Expected_Item_Cart}</arg>
<arg>${List_Cart}</arg>
<doc>Fails if given lists are unequal.</doc>
<status status="PASS" starttime="20240225 01:22:04.731" endtime="20240225 01:22:04.731"/>
</kw>
<status status="PASS" starttime="20240225 01:22:04.607" endtime="20240225 01:22:04.731"/>
</kw>
<kw name="Click Checkout" library="asset_checkout">
<kw name="Wait Until Element Is Visible" library="SeleniumLibrary">
<arg>${Button_Checkout}</arg>
<doc>Waits until the element ``locator`` is visible.</doc>
<status status="PASS" starttime="20240225 01:22:04.732" endtime="20240225 01:22:04.768"/>
</kw>
<kw name="Click Button" library="SeleniumLibrary">
<arg>${Button_Checkout}</arg>
<doc>Clicks the button identified by ``locator``.</doc>
<msg timestamp="20240225 01:22:04.768" level="INFO">Clicking button 'id:checkout'.</msg>
<status status="PASS" starttime="20240225 01:22:04.768" endtime="20240225 01:22:04.884"/>
</kw>
<kw name="Validate Page Title" library="asset_master">
<arg>Checkout Information</arg>
<kw name="Get Text" library="SeleniumLibrary">
<var>${Current_Page}</var>
<arg>${Text_Title}</arg>
<doc>Returns the text value of the element identified by ``locator``.</doc>
<msg timestamp="20240225 01:22:04.912" level="INFO">${Current_Page} = Checkout: Your Information</msg>
<status status="PASS" starttime="20240225 01:22:04.886" endtime="20240225 01:22:04.912"/>
</kw>
<kw name="Get From Dictionary" library="Collections">
<var>${Expected_Page}</var>
<arg>${Title_Dict}</arg>
<arg>${Page}</arg>
<doc>Returns a value from the given ``dictionary`` based on the given ``key``.</doc>
<msg timestamp="20240225 01:22:04.913" level="INFO">${Expected_Page} = Checkout: Your Information</msg>
<status status="PASS" starttime="20240225 01:22:04.912" endtime="20240225 01:22:04.913"/>
</kw>
<kw name="Should Be Equal As Strings" library="BuiltIn">
<arg>${Current_Page}</arg>
<arg>${Expected_Page}</arg>
<doc>Fails if objects are unequal after converting them to strings.</doc>
<status status="PASS" starttime="20240225 01:22:04.913" endtime="20240225 01:22:04.913"/>
</kw>
<status status="PASS" starttime="20240225 01:22:04.884" endtime="20240225 01:22:04.914"/>
</kw>
<status status="PASS" starttime="20240225 01:22:04.732" endtime="20240225 01:22:04.914"/>
</kw>
<kw name="Input Information" library="asset_checkout">
<arg>Ugha</arg>
<arg>anugerah</arg>
<arg>123456</arg>
<kw name="Wait Until Element Is Visible" library="SeleniumLibrary">
<arg>${Input_FirstName}</arg>
<doc>Waits until the element ``locator`` is visible.</doc>
<status status="PASS" starttime="20240225 01:22:04.914" endtime="20240225 01:22:04.946"/>
</kw>
<kw name="Input Text" library="SeleniumLibrary">
<arg>${Input_FirstName}</arg>
<arg>${FirstName}</arg>
<doc>Types the given ``text`` into the text field identified by ``locator``.</doc>
<msg timestamp="20240225 01:22:04.947" level="INFO">Typing text 'Ugha' into text field 'id:first-name'.</msg>
<status status="PASS" starttime="20240225 01:22:04.946" endtime="20240225 01:22:05.093"/>
</kw>
<kw name="Input Text" library="SeleniumLibrary">
<arg>${Input_LastName}</arg>
<arg>${LastName}</arg>
<doc>Types the given ``text`` into the text field identified by ``locator``.</doc>
<msg timestamp="20240225 01:22:05.094" level="INFO">Typing text 'anugerah' into text field 'id:last-name'.</msg>
<status status="PASS" starttime="20240225 01:22:05.093" endtime="20240225 01:22:05.270"/>
</kw>
<kw name="Input Text" library="SeleniumLibrary">
<arg>${Input_PostalCode}</arg>
<arg>${PostalCode}</arg>
<doc>Types the given ``text`` into the text field identified by ``locator``.</doc>
<msg timestamp="20240225 01:22:05.271" level="INFO">Typing text '123456' into text field 'id:postal-code'.</msg>
<status status="PASS" starttime="20240225 01:22:05.270" endtime="20240225 01:22:05.422"/>
</kw>
<kw name="Capture Page Screenshot" library="SeleniumLibrary">
<doc>Takes a screenshot of the current page and embeds it into a log file.</doc>
<msg timestamp="20240225 01:22:05.632" level="INFO" html="true">&lt;/td&gt;&lt;/tr&gt;&lt;tr&gt;&lt;td colspan="3"&gt;&lt;a href="selenium-screenshot-62.png"&gt;&lt;img src="selenium-screenshot-62.png" width="800px"&gt;&lt;/a&gt;</msg>
<status status="PASS" starttime="20240225 01:22:05.422" endtime="20240225 01:22:05.633"/>
</kw>
<kw name="Click Button" library="SeleniumLibrary">
<arg>${Button_Continue}</arg>
<doc>Clicks the button identified by ``locator``.</doc>
<msg timestamp="20240225 01:22:05.633" level="INFO">Clicking button 'id:continue'.</msg>
<status status="PASS" starttime="20240225 01:22:05.633" endtime="20240225 01:22:05.751"/>
</kw>
<status status="PASS" starttime="20240225 01:22:04.914" endtime="20240225 01:22:05.751"/>
</kw>
<kw name="Calculate Price" library="asset_checkout">
<kw name="Get Expected Sub Total" library="asset_checkout">
<var>${Expected_SubTotal}</var>
<kw name="Set Variable" library="BuiltIn">
<var>${Sub_Total}</var>
<arg>${0.0}</arg>
<doc>Returns the given values which can then be assigned to a variables.</doc>
<msg timestamp="20240225 01:22:05.754" level="INFO">${Sub_Total} = 0.0</msg>
<status status="PASS" starttime="20240225 01:22:05.753" endtime="20240225 01:22:05.754"/>
</kw>
<for flavor="IN">
<var>${Data}</var>
<value>@{List_Cart}</value>
<iter>
<var name="${Data}">{'Item': 'Sauce Labs Backpack', 'Description': 'carry.allTheThings() with the sleek, streamlined Sly Pack that melds uncompromising style with unequaled laptop and tablet protection.', 'Price': '$29.9...</var>
<kw name="Get From Dictionary" library="Collections">
<var>${Price}</var>
<arg>${Data}</arg>
<arg>Price</arg>
<doc>Returns a value from the given ``dictionary`` based on the given ``key``.</doc>
<msg timestamp="20240225 01:22:05.755" level="INFO">${Price} = $29.99</msg>
<status status="PASS" starttime="20240225 01:22:05.754" endtime="20240225 01:22:05.755"/>
</kw>
<kw name="Clean Data Price" library="asset_master">
<var>${CleanedPrice}</var>
<arg>${Price}</arg>
<kw name="Split String" library="String">
<var>${cleaned_value}</var>
<arg>${OriginalPrice}</arg>
<arg>$</arg>
<doc>Splits the ``string`` using ``separator`` as a delimiter string.</doc>
<msg timestamp="20240225 01:22:05.755" level="INFO">${cleaned_value} = ['', '29.99']</msg>
<status status="PASS" starttime="20240225 01:22:05.755" endtime="20240225 01:22:05.755"/>
</kw>
<kw name="Convert To Number" library="BuiltIn">
<var>${float_value}</var>
<arg>${cleaned_value}[1]</arg>
<doc>Converts the given item to a floating point number.</doc>
<msg timestamp="20240225 01:22:05.756" level="INFO">${float_value} = 29.99</msg>
<status status="PASS" starttime="20240225 01:22:05.755" endtime="20240225 01:22:05.756"/>
</kw>
<msg timestamp="20240225 01:22:05.756" level="INFO">${CleanedPrice} = 29.99</msg>
<status status="PASS" starttime="20240225 01:22:05.755" endtime="20240225 01:22:05.756"/>
</kw>
<kw name="Evaluate" library="BuiltIn">
<var>${Sub_Total}</var>
<arg>$Sub_Total + float($CleanedPrice)</arg>
<doc>Evaluates the given expression in Python and returns the result.</doc>
<msg timestamp="20240225 01:22:05.761" level="INFO">${Sub_Total} = 29.99</msg>
<status status="PASS" starttime="20240225 01:22:05.756" endtime="20240225 01:22:05.761"/>
</kw>
<status status="PASS" starttime="20240225 01:22:05.754" endtime="20240225 01:22:05.761"/>
</iter>
<status status="PASS" starttime="20240225 01:22:05.754" endtime="20240225 01:22:05.761"/>
</for>
<msg timestamp="20240225 01:22:05.761" level="INFO">${Expected_SubTotal} = 29.99</msg>
<status status="PASS" starttime="20240225 01:22:05.752" endtime="20240225 01:22:05.761"/>
</kw>
<kw name="Get Text" library="SeleniumLibrary">
<var>${SubTotalText}</var>
<arg>${Text_SummarySubTotal}</arg>
<doc>Returns the text value of the element identified by ``locator``.</doc>
<msg timestamp="20240225 01:22:05.793" level="INFO">${SubTotalText} = Item total: $29.99</msg>
<status status="PASS" starttime="20240225 01:22:05.761" endtime="20240225 01:22:05.793"/>
</kw>
<kw name="Clean Data Price" library="asset_master">
<var>${SubTotal}</var>
<arg>${SubTotalText}</arg>
<kw name="Split String" library="String">
<var>${cleaned_value}</var>
<arg>${OriginalPrice}</arg>
<arg>$</arg>
<doc>Splits the ``string`` using ``separator`` as a delimiter string.</doc>
<msg timestamp="20240225 01:22:05.794" level="INFO">${cleaned_value} = ['Item total: ', '29.99']</msg>
<status status="PASS" starttime="20240225 01:22:05.794" endtime="20240225 01:22:05.794"/>
</kw>
<kw name="Convert To Number" library="BuiltIn">
<var>${float_value}</var>
<arg>${cleaned_value}[1]</arg>
<doc>Converts the given item to a floating point number.</doc>
<msg timestamp="20240225 01:22:05.794" level="INFO">${float_value} = 29.99</msg>
<status status="PASS" starttime="20240225 01:22:05.794" endtime="20240225 01:22:05.794"/>
</kw>
<msg timestamp="20240225 01:22:05.794" level="INFO">${SubTotal} = 29.99</msg>
<status status="PASS" starttime="20240225 01:22:05.793" endtime="20240225 01:22:05.794"/>
</kw>
<kw name="Should Be Equal As Numbers" library="BuiltIn">
<arg>${Expected_SubTotal}</arg>
<arg>${SubTotal}</arg>
<doc>Fails if objects are unequal after converting them to real numbers.</doc>
<status status="PASS" starttime="20240225 01:22:05.794" endtime="20240225 01:22:05.795"/>
</kw>
<kw name="Set Global Variable" library="BuiltIn">
<arg>${SubTotal}</arg>
<doc>Makes a variable available globally in all tests and suites.</doc>
<msg timestamp="20240225 01:22:05.795" level="INFO">${SubTotal} = 29.99</msg>
<status status="PASS" starttime="20240225 01:22:05.795" endtime="20240225 01:22:05.795"/>
</kw>
<status status="PASS" starttime="20240225 01:22:05.752" endtime="20240225 01:22:05.795"/>
</kw>
<kw name="Calculate Tax" library="asset_checkout">
<kw name="Get Expected Tax" library="asset_checkout">
<var>${Expected_Tax}</var>
<arg>${SubTotal}</arg>
<kw name="Evaluate" library="BuiltIn">
<var>${ExpectedTax}</var>
<arg>$Subtotal*8/100</arg>
<doc>Evaluates the given expression in Python and returns the result.</doc>
<msg timestamp="20240225 01:22:05.797" level="INFO">${ExpectedTax} = 2.3992</msg>
<status status="PASS" starttime="20240225 01:22:05.796" endtime="20240225 01:22:05.797"/>
</kw>
<kw name="Convert To Number" library="BuiltIn">
<var>${Tax}</var>
<arg>${ExpectedTax}</arg>
<arg>2</arg>
<doc>Converts the given item to a floating point number.</doc>
<msg timestamp="20240225 01:22:05.797" level="INFO">${Tax} = 2.4</msg>
<status status="PASS" starttime="20240225 01:22:05.797" endtime="20240225 01:22:05.797"/>
</kw>
<msg timestamp="20240225 01:22:05.797" level="INFO">${Expected_Tax} = 2.4</msg>
<status status="PASS" starttime="20240225 01:22:05.796" endtime="20240225 01:22:05.797"/>
</kw>
<kw name="Get Text" library="SeleniumLibrary">
<var>${TaxText}</var>
<arg>${Text_SummaryTax}</arg>
<doc>Returns the text value of the element identified by ``locator``.</doc>
<msg timestamp="20240225 01:22:05.830" level="INFO">${TaxText} = Tax: $2.40</msg>
<status status="PASS" starttime="20240225 01:22:05.797" endtime="20240225 01:22:05.830"/>
</kw>
<kw name="Clean Data Price" library="asset_master">
<var>${Tax}</var>
<arg>${TaxText}</arg>
<kw name="Split String" library="String">
<var>${cleaned_value}</var>
<arg>${OriginalPrice}</arg>
<arg>$</arg>
<doc>Splits the ``string`` using ``separator`` as a delimiter string.</doc>
<msg timestamp="20240225 01:22:05.832" level="INFO">${cleaned_value} = ['Tax: ', '2.40']</msg>
<status status="PASS" starttime="20240225 01:22:05.832" endtime="20240225 01:22:05.832"/>
</kw>
<kw name="Convert To Number" library="BuiltIn">
<var>${float_value}</var>
<arg>${cleaned_value}[1]</arg>
<doc>Converts the given item to a floating point number.</doc>
<msg timestamp="20240225 01:22:05.833" level="INFO">${float_value} = 2.4</msg>
<status status="PASS" starttime="20240225 01:22:05.832" endtime="20240225 01:22:05.833"/>
</kw>
<msg timestamp="20240225 01:22:05.833" level="INFO">${Tax} = 2.4</msg>
<status status="PASS" starttime="20240225 01:22:05.830" endtime="20240225 01:22:05.833"/>
</kw>
<kw name="Should Be Equal As Numbers" library="BuiltIn">
<arg>${Tax}</arg>
<arg>${Expected_Tax}</arg>
<doc>Fails if objects are unequal after converting them to real numbers.</doc>
<status status="PASS" starttime="20240225 01:22:05.833" endtime="20240225 01:22:05.833"/>
</kw>
<kw name="Set Global Variable" library="BuiltIn">
<arg>${Tax}</arg>
<doc>Makes a variable available globally in all tests and suites.</doc>
<msg timestamp="20240225 01:22:05.834" level="INFO">${Tax} = 2.4</msg>
<status status="PASS" starttime="20240225 01:22:05.833" endtime="20240225 01:22:05.834"/>
</kw>
<status status="PASS" starttime="20240225 01:22:05.796" endtime="20240225 01:22:05.834"/>
</kw>
<kw name="Calculate Grand Total" library="asset_checkout">
<kw name="Get Text" library="SeleniumLibrary">
<var>${GrandTotalText}</var>
<arg>${Text_SummaryGrandTotal}</arg>
<doc>Returns the text value of the element identified by ``locator``.</doc>
<msg timestamp="20240225 01:22:05.864" level="INFO">${GrandTotalText} = Total: $32.39</msg>
<status status="PASS" starttime="20240225 01:22:05.834" endtime="20240225 01:22:05.864"/>
</kw>
<kw name="Clean Data Price" library="asset_master">
<var>${GrandTotal}</var>
<arg>${GrandTotalText}</arg>
<kw name="Split String" library="String">
<var>${cleaned_value}</var>
<arg>${OriginalPrice}</arg>
<arg>$</arg>
<doc>Splits the ``string`` using ``separator`` as a delimiter string.</doc>
<msg timestamp="20240225 01:22:05.865" level="INFO">${cleaned_value} = ['Total: ', '32.39']</msg>
<status status="PASS" starttime="20240225 01:22:05.864" endtime="20240225 01:22:05.865"/>
</kw>
<kw name="Convert To Number" library="BuiltIn">
<var>${float_value}</var>
<arg>${cleaned_value}[1]</arg>
<doc>Converts the given item to a floating point number.</doc>
<msg timestamp="20240225 01:22:05.865" level="INFO">${float_value} = 32.39</msg>
<status status="PASS" starttime="20240225 01:22:05.865" endtime="20240225 01:22:05.865"/>
</kw>
<msg timestamp="20240225 01:22:05.865" level="INFO">${GrandTotal} = 32.39</msg>
<status status="PASS" starttime="20240225 01:22:05.864" endtime="20240225 01:22:05.865"/>
</kw>
<kw name="Evaluate" library="BuiltIn">
<var>${Expected_GrandTotal}</var>
<arg>$SubTotal + $Tax</arg>
<doc>Evaluates the given expression in Python and returns the result.</doc>
<msg timestamp="20240225 01:22:05.867" level="INFO">${Expected_GrandTotal} = 32.39</msg>
<status status="PASS" starttime="20240225 01:22:05.865" endtime="20240225 01:22:05.867"/>
</kw>
<kw name="Should Be Equal As Numbers" library="BuiltIn">
<arg>${GrandTotal}</arg>
<arg>${Expected_GrandTotal}</arg>
<doc>Fails if objects are unequal after converting them to real numbers.</doc>
<status status="PASS" starttime="20240225 01:22:05.867" endtime="20240225 01:22:05.867"/>
</kw>
<status status="PASS" starttime="20240225 01:22:05.834" endtime="20240225 01:22:05.867"/>
</kw>
<kw name="Finish Transaction" library="asset_checkout">
<kw name="Click Button" library="SeleniumLibrary">
<arg>${Button_Finish}</arg>
<doc>Clicks the button identified by ``locator``.</doc>
<msg timestamp="20240225 01:22:05.869" level="INFO">Clicking button 'id:finish'.</msg>
<status status="PASS" starttime="20240225 01:22:05.869" endtime="20240225 01:22:05.977"/>
</kw>
<kw name="Validate Page Title" library="asset_master">
<arg>Checkout Complete</arg>
<kw name="Get Text" library="SeleniumLibrary">
<var>${Current_Page}</var>
<arg>${Text_Title}</arg>
<doc>Returns the text value of the element identified by ``locator``.</doc>
<msg timestamp="20240225 01:22:06.006" level="INFO">${Current_Page} = Checkout: Complete!</msg>
<status status="PASS" starttime="20240225 01:22:05.978" endtime="20240225 01:22:06.006"/>
</kw>
<kw name="Get From Dictionary" library="Collections">
<var>${Expected_Page}</var>
<arg>${Title_Dict}</arg>
<arg>${Page}</arg>
<doc>Returns a value from the given ``dictionary`` based on the given ``key``.</doc>
<msg timestamp="20240225 01:22:06.006" level="INFO">${Expected_Page} = Checkout: Complete!</msg>
<status status="PASS" starttime="20240225 01:22:06.006" endtime="20240225 01:22:06.006"/>
</kw>
<kw name="Should Be Equal As Strings" library="BuiltIn">
<arg>${Current_Page}</arg>
<arg>${Expected_Page}</arg>
<doc>Fails if objects are unequal after converting them to strings.</doc>
<status status="PASS" starttime="20240225 01:22:06.006" endtime="20240225 01:22:06.007"/>
</kw>
<status status="PASS" starttime="20240225 01:22:05.977" endtime="20240225 01:22:06.007"/>
</kw>
<kw name="Element Should Be Visible" library="SeleniumLibrary">
<arg>${Form_CheckoutComplete}</arg>
<doc>Verifies that the element identified by ``locator`` is visible.</doc>
<msg timestamp="20240225 01:22:06.040" level="INFO">Element 'id:checkout_complete_container' is displayed.</msg>
<status status="PASS" starttime="20240225 01:22:06.007" endtime="20240225 01:22:06.040"/>
</kw>
<kw name="Get Text" library="SeleniumLibrary">
<var>${Wording_Header}</var>
<arg>${Text_CheckoutCompleteHeader}</arg>
<doc>Returns the text value of the element identified by ``locator``.</doc>
<msg timestamp="20240225 01:22:06.069" level="INFO">${Wording_Header} = Thank you for your order!</msg>
<status status="PASS" starttime="20240225 01:22:06.041" endtime="20240225 01:22:06.069"/>
</kw>
<kw name="Get Text" library="SeleniumLibrary">
<var>${Wording_Complete}</var>
<arg>${Text_CheckoutComplete}</arg>
<doc>Returns the text value of the element identified by ``locator``.</doc>
<msg timestamp="20240225 01:22:06.098" level="INFO">${Wording_Complete} = Your order has been dispatched, and will arrive just as fast as the pony can get there!</msg>
<status status="PASS" starttime="20240225 01:22:06.069" endtime="20240225 01:22:06.098"/>
</kw>
<kw name="Evaluate" library="BuiltIn">
<arg>$Wording_Header == 'Thank you for your order!'</arg>
<doc>Evaluates the given expression in Python and returns the result.</doc>
<status status="PASS" starttime="20240225 01:22:06.098" endtime="20240225 01:22:06.099"/>
</kw>
<kw name="Evaluate" library="BuiltIn">
<arg>$Wording_Complete == 'Your order has been dispatched, and will arrive just as fast as the pony can get there!'</arg>
<doc>Evaluates the given expression in Python and returns the result.</doc>
<status status="PASS" starttime="20240225 01:22:06.099" endtime="20240225 01:22:06.099"/>
</kw>
<kw name="Click Button" library="SeleniumLibrary">
<arg>${Button_BackHome}</arg>
<doc>Clicks the button identified by ``locator``.</doc>
<msg timestamp="20240225 01:22:06.100" level="INFO">Clicking button 'id:back-to-products'.</msg>
<status status="PASS" starttime="20240225 01:22:06.099" endtime="20240225 01:22:06.207"/>
</kw>
<status status="PASS" starttime="20240225 01:22:05.868" endtime="20240225 01:22:06.207"/>
</kw>
<kw name="Close Browser" library="SeleniumLibrary" type="TEARDOWN">
<doc>Closes the current browser.</doc>
<status status="PASS" starttime="20240225 01:22:06.209" endtime="20240225 01:22:08.428"/>
</kw>
<status status="PASS" starttime="20240225 01:22:00.486" endtime="20240225 01:22:08.429"/>
</test>
<test id="s1-s1-s2-s1-t2" name="Check Out 3 Items" line="25">
<kw name="Open Browser And Login" library="asset_master" type="SETUP">
<kw name="Open Browser And Get User Login" library="asset_login">
<kw name="Open Browser" library="SeleniumLibrary">
<arg>${URL}</arg>
<arg>${BROWSER}</arg>
<doc>Opens a new browser instance to the optional ``url``.</doc>
<msg timestamp="20240225 01:22:08.435" level="INFO">Opening browser 'Chrome' to base url 'https://www.saucedemo.com/'.</msg>
<status status="PASS" starttime="20240225 01:22:08.433" endtime="20240225 01:22:11.376"/>
</kw>
<kw name="Maximize Browser Window" library="SeleniumLibrary">
<doc>Maximizes current browser window.</doc>
<status status="PASS" starttime="20240225 01:22:11.377" endtime="20240225 01:22:11.512"/>
</kw>
<kw name="Create List" library="BuiltIn">
<var>@{UserLogin}</var>
<doc>Returns a list containing given items.</doc>
<msg timestamp="20240225 01:22:11.513" level="INFO">@{UserLogin} = [ ]</msg>
<status status="PASS" starttime="20240225 01:22:11.512" endtime="20240225 01:22:11.513"/>
</kw>
<kw name="Create List" library="BuiltIn">
<var>@{Password}</var>
<doc>Returns a list containing given items.</doc>
<msg timestamp="20240225 01:22:11.513" level="INFO">@{Password} = [ ]</msg>
<status status="PASS" starttime="20240225 01:22:11.513" endtime="20240225 01:22:11.513"/>
</kw>
<kw name="Wait Until Element Is Visible" library="SeleniumLibrary">
<arg>${Text_UserLogin}</arg>
<doc>Waits until the element ``locator`` is visible.</doc>
<status status="PASS" starttime="20240225 01:22:11.514" endtime="20240225 01:22:11.570"/>
</kw>
<kw name="Get Text" library="SeleniumLibrary">
<var>${List_Username}</var>
<arg>${Text_UserLogin}</arg>
<doc>Returns the text value of the element identified by ``locator``.</doc>
<msg timestamp="20240225 01:22:11.609" level="INFO">${List_Username} = Accepted usernames are:
standard_user
locked_out_user
problem_user
performance_glitch_user
error_user
visual_user</msg>
<status status="PASS" starttime="20240225 01:22:11.570" endtime="20240225 01:22:11.609"/>
</kw>
<kw name="Data Cleansing" library="asset_login">
<var>${UserLogin}</var>
<arg>${List_Username}</arg>
<kw name="Split String" library="String">
<var>@{NewData}</var>
<arg>${data}</arg>
<arg>\n</arg>
<doc>Splits the ``string`` using ``separator`` as a delimiter string.</doc>
<msg timestamp="20240225 01:22:11.610" level="INFO">@{NewData} = [ Accepted usernames are: | standard_user | locked_out_user | problem_user | performance_glitch_user | error_user | visual_user ]</msg>
<status status="PASS" starttime="20240225 01:22:11.610" endtime="20240225 01:22:11.610"/>
</kw>
<kw name="Remove From List" library="Collections">
<arg>${NewData}</arg>
<arg>0</arg>
<doc>Removes and returns the value specified with an ``index`` from ``list``.</doc>
<status status="PASS" starttime="20240225 01:22:11.610" endtime="20240225 01:22:11.611"/>
</kw>
<return>
<value>${NewData}</value>
<status status="PASS" starttime="20240225 01:22:11.611" endtime="20240225 01:22:11.611"/>
</return>
<msg timestamp="20240225 01:22:11.611" level="INFO">${UserLogin} = ['standard_user', 'locked_out_user', 'problem_user', 'performance_glitch_user', 'error_user', 'visual_user']</msg>
<status status="PASS" starttime="20240225 01:22:11.609" endtime="20240225 01:22:11.611"/>
</kw>
<kw name="Get Text" library="SeleniumLibrary">
<var>${List_Password}</var>
<arg>${Text_Password}</arg>
<doc>Returns the text value of the element identified by ``locator``.</doc>
<msg timestamp="20240225 01:22:11.644" level="INFO">${List_Password} = Password for all users:
secret_sauce</msg>
<status status="PASS" starttime="20240225 01:22:11.611" endtime="20240225 01:22:11.644"/>
</kw>
<kw name="Data Cleansing" library="asset_login">
<var>@{Password}</var>
<arg>${List_Password}</arg>
<kw name="Split String" library="String">
<var>@{NewData}</var>
<arg>${data}</arg>
<arg>\n</arg>
<doc>Splits the ``string`` using ``separator`` as a delimiter string.</doc>
<msg timestamp="20240225 01:22:11.646" level="INFO">@{NewData} = [ Password for all users: | secret_sauce ]</msg>
<status status="PASS" starttime="20240225 01:22:11.646" endtime="20240225 01:22:11.646"/>
</kw>
<kw name="Remove From List" library="Collections">
<arg>${NewData}</arg>
<arg>0</arg>
<doc>Removes and returns the value specified with an ``index`` from ``list``.</doc>
<status status="PASS" starttime="20240225 01:22:11.647" endtime="20240225 01:22:11.647"/>
</kw>
<return>
<value>${NewData}</value>
<status status="PASS" starttime="20240225 01:22:11.647" endtime="20240225 01:22:11.647"/>
</return>
<msg timestamp="20240225 01:22:11.647" level="INFO">@{Password} = [ secret_sauce ]</msg>
<status status="PASS" starttime="20240225 01:22:11.644" endtime="20240225 01:22:11.647"/>
</kw>
<kw name="Set Global Variable" library="BuiltIn">
<arg>${UserLogin}</arg>
<doc>Makes a variable available globally in all tests and suites.</doc>
<msg timestamp="20240225 01:22:11.648" level="INFO">${UserLogin} = ['standard_user', 'locked_out_user', 'problem_user', 'performance_glitch_user', 'error_user', 'visual_user']</msg>
<status status="PASS" starttime="20240225 01:22:11.647" endtime="20240225 01:22:11.648"/>
</kw>
<kw name="Set Global Variable" library="BuiltIn">
<arg>${Password}</arg>
<doc>Makes a variable available globally in all tests and suites.</doc>
<msg timestamp="20240225 01:22:11.648" level="INFO">${Password} = ['secret_sauce']</msg>
<status status="PASS" starttime="20240225 01:22:11.648" endtime="20240225 01:22:11.649"/>
</kw>
<status status="PASS" starttime="20240225 01:22:08.432" endtime="20240225 01:22:11.649"/>
</kw>
<kw name="Login User" library="asset_login">
<arg>${UserLogin}[0]</arg>
<kw name="Input Text" library="SeleniumLibrary">
<arg>${Input_Username}</arg>
<arg>${User}</arg>
<doc>Types the given ``text`` into the text field identified by ``locator``.</doc>
<msg timestamp="20240225 01:22:11.651" level="INFO">Typing text 'standard_user' into text field '//input[@id = 'user-name']'.</msg>
<status status="PASS" starttime="20240225 01:22:11.649" endtime="20240225 01:22:11.852"/>
</kw>
<kw name="Input Text" library="SeleniumLibrary">
<arg>${Input_Password}</arg>
<arg>${Pass}</arg>
<doc>Types the given ``text`` into the text field identified by ``locator``.</doc>
<msg timestamp="20240225 01:22:11.853" level="INFO">Typing text 'secret_sauce' into text field '//input[@id = 'password']'.</msg>
<status status="PASS" starttime="20240225 01:22:11.852" endtime="20240225 01:22:12.016"/>
</kw>
<kw name="Click Element" library="SeleniumLibrary">
<arg>${Button_Login}</arg>
<doc>Click the element identified by ``locator``.</doc>
<msg timestamp="20240225 01:22:12.017" level="INFO">Clicking element '//input[@id = 'login-button']'.</msg>
<status status="PASS" starttime="20240225 01:22:12.016" endtime="20240225 01:22:12.178"/>
</kw>
<status status="PASS" starttime="20240225 01:22:11.649" endtime="20240225 01:22:12.179"/>
</kw>
<kw name="Create List" library="BuiltIn">
<var>@{List_Cart}</var>
<doc>Returns a list containing given items.</doc>
<msg timestamp="20240225 01:22:12.179" level="INFO">@{List_Cart} = [ ]</msg>
<status status="PASS" starttime="20240225 01:22:12.179" endtime="20240225 01:22:12.179"/>
</kw>
<kw name="Set Global Variable" library="BuiltIn">
<arg>@{List_Cart}</arg>
<doc>Makes a variable available globally in all tests and suites.</doc>
<msg timestamp="20240225 01:22:12.179" level="INFO">@{List_Cart} = [ ]</msg>
<status status="PASS" starttime="20240225 01:22:12.179" endtime="20240225 01:22:12.179"/>
</kw>
<status status="PASS" starttime="20240225 01:22:08.432" endtime="20240225 01:22:12.180"/>
</kw>
<kw name="Select Item" library="asset_MainPage">
<arg>Sauce Labs Backpack</arg>
<kw name="Create Dictionary" library="BuiltIn">
<var>${temp_var}</var>
<doc>Creates and returns a dictionary based on the given ``items``.</doc>
<msg timestamp="20240225 01:22:12.181" level="INFO">${temp_var} = {}</msg>
<status status="PASS" starttime="20240225 01:22:12.181" endtime="20240225 01:22:12.181"/>
</kw>
<kw name="Replace String" library="String">
<var>${Button_AddToCart}</var>
<arg>${Locator_AddToCart}</arg>
<arg>@Param</arg>
<arg>${Item}</arg>
<doc>Replaces ``search_for`` in the given ``string`` with ``replace_with``.</doc>
<msg timestamp="20240225 01:22:12.183" level="INFO">${Button_AddToCart} = //div[text() = 'Sauce Labs Backpack']//ancestor::div[@class='inventory_item_label']/following-sibling::div/button</msg>
<status status="PASS" starttime="20240225 01:22:12.181" endtime="20240225 01:22:12.183"/>
</kw>
<kw name="Replace String" library="String">
<var>${Description}</var>
<arg>${Locator_Description}</arg>
<arg>@Param</arg>
<arg>${Item}</arg>
<doc>Replaces ``search_for`` in the given ``string`` with ``replace_with``.</doc>
<msg timestamp="20240225 01:22:12.184" level="INFO">${Description} = //div[text() = 'Sauce Labs Backpack']/parent::a/following-sibling::div</msg>
<status status="PASS" starttime="20240225 01:22:12.183" endtime="20240225 01:22:12.184"/>
</kw>
<kw name="Replace String" library="String">
<var>${Price}</var>
<arg>${Locator_Price}</arg>
<arg>@Param</arg>
<arg>${Item}</arg>
<doc>Replaces ``search_for`` in the given ``string`` with ``replace_with``.</doc>
<msg timestamp="20240225 01:22:12.184" level="INFO">${Price} = //div[text() = 'Sauce Labs Backpack']/ancestor::div[@class = 'inventory_item_label']/following-sibling::div/div[@class = 'inventory_item_price']</msg>
<status status="PASS" starttime="20240225 01:22:12.184" endtime="20240225 01:22:12.184"/>
</kw>
<kw name="Get Text" library="SeleniumLibrary">
<var>${Value_Description}</var>
<arg>${Description}</arg>
<doc>Returns the text value of the element identified by ``locator``.</doc>
<msg timestamp="20240225 01:22:12.219" level="INFO">${Value_Description} = carry.allTheThings() with the sleek, streamlined Sly Pack that melds uncompromising style with unequaled laptop and tablet protection.</msg>
<status status="PASS" starttime="20240225 01:22:12.184" endtime="20240225 01:22:12.219"/>
</kw>
<kw name="Get Text" library="SeleniumLibrary">
<var>${Value_Price}</var>
<arg>${Price}</arg>
<doc>Returns the text value of the element identified by ``locator``.</doc>
<msg timestamp="20240225 01:22:12.253" level="INFO">${Value_Price} = $29.99</msg>
<status status="PASS" starttime="20240225 01:22:12.219" endtime="20240225 01:22:12.253"/>
</kw>
<kw name="Scroll Element Into View" library="SeleniumLibrary">
<arg>${Button_AddToCart}</arg>
<doc>Scrolls the element identified by ``locator`` into view.</doc>
<status status="PASS" starttime="20240225 01:22:12.253" endtime="20240225 01:22:12.544"/>
</kw>
<kw name="Click Element" library="SeleniumLibrary">
<arg>${Button_AddToCart}</arg>
<doc>Click the element identified by ``locator``.</doc>
<msg timestamp="20240225 01:22:12.545" level="INFO">Clicking element '//div[text() = 'Sauce Labs Backpack']//ancestor::div[@class='inventory_item_label']/following-sibling::div/button'.</msg>
<status status="PASS" starttime="20240225 01:22:12.544" endtime="20240225 01:22:12.622"/>
</kw>
<kw name="Create Dictionary" library="BuiltIn">
<var>${temp_var}</var>
<arg>Item=${Item}</arg>
<arg>Description=${Value_Description}</arg>
<arg>Price=${Value_Price}</arg>
<doc>Creates and returns a dictionary based on the given ``items``.</doc>
<msg timestamp="20240225 01:22:12.623" level="INFO">${temp_var} = {'Item': 'Sauce Labs Backpack', 'Description': 'carry.allTheThings() with the sleek, streamlined Sly Pack that melds uncompromising style with unequaled laptop and tablet protection.', 'Price': '$29.9...</msg>
<status status="PASS" starttime="20240225 01:22:12.623" endtime="20240225 01:22:12.623"/>
</kw>
<kw name="Append To List" library="Collections">
<arg>${List_Cart}</arg>
<arg>${temp_var}</arg>
<doc>Adds ``values`` to the end of ``list``.</doc>
<status status="PASS" starttime="20240225 01:22:12.623" endtime="20240225 01:22:12.624"/>
</kw>
<status status="PASS" starttime="20240225 01:22:12.180" endtime="20240225 01:22:12.624"/>
</kw>
<kw name="Select Item" library="asset_MainPage">
<arg>Test.allTheThings() T-Shirt (Red)</arg>
<kw name="Create Dictionary" library="BuiltIn">
<var>${temp_var}</var>
<doc>Creates and returns a dictionary based on the given ``items``.</doc>
[...]
<status status="PASS" starttime="20240225 01:22:33.194" endtime="20240225 01:22:33.372"/>
</kw>
<kw name="Click Element" library="SeleniumLibrary">
<arg>${Button_Login}</arg>
<doc>Click the element identified by ``locator``.</doc>
<msg timestamp="20240225 01:22:33.373" level="INFO">Clicking element '//input[@id = 'login-button']'.</msg>
<status status="PASS" starttime="20240225 01:22:33.372" endtime="20240225 01:22:33.536"/>
</kw>
<status status="PASS" starttime="20240225 01:22:32.969" endtime="20240225 01:22:33.536"/>
</kw>
<kw name="Create List" library="BuiltIn">
<var>@{List_Cart}</var>
<doc>Returns a list containing given items.</doc>
<msg timestamp="20240225 01:22:33.536" level="INFO">@{List_Cart} = [ ]</msg>
<status status="PASS" starttime="20240225 01:22:33.536" endtime="20240225 01:22:33.536"/>
</kw>
<kw name="Set Global Variable" library="BuiltIn">
<arg>@{List_Cart}</arg>
<doc>Makes a variable available globally in all tests and suites.</doc>
<msg timestamp="20240225 01:22:33.537" level="INFO">@{List_Cart} = [ ]</msg>
<status status="PASS" starttime="20240225 01:22:33.537" endtime="20240225 01:22:33.537"/>
</kw>
<status status="PASS" starttime="20240225 01:22:30.212" endtime="20240225 01:22:33.537"/>
</kw>
<kw name="Select Card by Picture" library="asset_MainPage">
<arg>Sauce Labs Backpack</arg>
<kw name="Replace String" library="String">
<var>${Button_Picture}</var>
<arg>${Locator_Picture}</arg>
<arg>@Param</arg>
<arg>${Item}</arg>
<doc>Replaces ``search_for`` in the given ``string`` with ``replace_with``.</doc>
<msg timestamp="20240225 01:22:33.540" level="INFO">${Button_Picture} = //img[@class='inventory_item_img' and @alt='Sauce Labs Backpack']</msg>
<status status="PASS" starttime="20240225 01:22:33.539" endtime="20240225 01:22:33.540"/>
</kw>
<kw name="Scroll Element Into View" library="SeleniumLibrary">
<arg>${Button_Picture}</arg>
<doc>Scrolls the element identified by ``locator`` into view.</doc>
<status status="PASS" starttime="20240225 01:22:33.540" endtime="20240225 01:22:33.847"/>
</kw>
<kw name="Click Element" library="SeleniumLibrary">
<arg>${Button_Picture}</arg>
<doc>Click the element identified by ``locator``.</doc>
<msg timestamp="20240225 01:22:33.848" level="INFO">Clicking element '//img[@class='inventory_item_img' and @alt='Sauce Labs Backpack']'.</msg>
<status status="PASS" starttime="20240225 01:22:33.847" endtime="20240225 01:22:33.928"/>
</kw>
<status status="PASS" starttime="20240225 01:22:33.539" endtime="20240225 01:22:33.928"/>
</kw>
<kw name="Add To Cart on Detail Card" library="asset_DetailCard">
<kw name="Get Cart Item Total" library="asset_master">
<var>${Item_Count}</var>
<kw name="Run Keyword And Return Status" library="BuiltIn">
<var>${Status}</var>
<arg>Get Text</arg>
<arg>${Badge_Cart}</arg>
<doc>Runs the given keyword with given arguments and returns the status as a Boolean value.</doc>
<kw name="Get Text" library="SeleniumLibrary">
<arg>${Badge_Cart}</arg>
<doc>Returns the text value of the element identified by ``locator``.</doc>
<msg timestamp="20240225 01:22:34.241" level="INFO" html="true">&lt;/td&gt;&lt;/tr&gt;&lt;tr&gt;&lt;td colspan="3"&gt;&lt;a href="selenium-screenshot-66.png"&gt;&lt;img src="selenium-screenshot-66.png" width="800px"&gt;&lt;/a&gt;</msg>
<msg timestamp="20240225 01:22:34.242" level="FAIL">Element with locator '//span[@class = 'shopping_cart_badge']' not found.</msg>
<status status="FAIL" starttime="20240225 01:22:33.931" endtime="20240225 01:22:34.245"/>
</kw>
<msg timestamp="20240225 01:22:34.245" level="INFO">${Status} = False</msg>
<status status="PASS" starttime="20240225 01:22:33.931" endtime="20240225 01:22:34.245"/>
</kw>
<if>
<branch type="IF" condition="not ${Status}">
<kw name="Set Variable" library="BuiltIn">
<var>${Item_Count}</var>
<arg>${0}</arg>
<doc>Returns the given values which can then be assigned to a variables.</doc>
<msg timestamp="20240225 01:22:34.247" level="INFO">${Item_Count} = 0</msg>
<status status="PASS" starttime="20240225 01:22:34.247" endtime="20240225 01:22:34.248"/>
</kw>
<status status="PASS" starttime="20240225 01:22:34.245" endtime="20240225 01:22:34.248"/>
</branch>
<branch type="ELSE">
<kw name="Get Text" library="SeleniumLibrary">
<var>${Item_Count}</var>
<arg>${Badge_Cart}</arg>
<doc>Returns the text value of the element identified by ``locator``.</doc>
<status status="NOT RUN" starttime="20240225 01:22:34.248" endtime="20240225 01:22:34.248"/>
</kw>
<kw name="Convert To Number" library="BuiltIn">
<var>${Item_Count}</var>
<arg>${Item_Count}</arg>
<doc>Converts the given item to a floating point number.</doc>
<status status="NOT RUN" starttime="20240225 01:22:34.248" endtime="20240225 01:22:34.248"/>
</kw>
<status status="NOT RUN" starttime="20240225 01:22:34.248" endtime="20240225 01:22:34.248"/>
</branch>
<status status="PASS" starttime="20240225 01:22:34.245" endtime="20240225 01:22:34.248"/>
</if>
<msg timestamp="20240225 01:22:34.248" level="INFO">${Item_Count} = 0</msg>
<status status="PASS" starttime="20240225 01:22:33.930" endtime="20240225 01:22:34.248"/>
</kw>
<kw name="Click Button" library="SeleniumLibrary">
<arg>${Button_AddToCard}</arg>
<doc>Clicks the button identified by ``locator``.</doc>
<msg timestamp="20240225 01:22:34.249" level="INFO">Clicking button '//button[@class = 'btn btn_primary btn_small btn_inventory']'.</msg>
<status status="PASS" starttime="20240225 01:22:34.248" endtime="20240225 01:22:34.346"/>
</kw>
<kw name="Get Cart Item Total" library="asset_master">
<var>${Item_Count_After}</var>
<kw name="Run Keyword And Return Status" library="BuiltIn">
<var>${Status}</var>
<arg>Get Text</arg>
<arg>${Badge_Cart}</arg>
<doc>Runs the given keyword with given arguments and returns the status as a Boolean value.</doc>
<kw name="Get Text" library="SeleniumLibrary">
<arg>${Badge_Cart}</arg>
<doc>Returns the text value of the element identified by ``locator``.</doc>
<status status="PASS" starttime="20240225 01:22:34.347" endtime="20240225 01:22:34.372"/>
</kw>
<msg timestamp="20240225 01:22:34.372" level="INFO">${Status} = True</msg>
<status status="PASS" starttime="20240225 01:22:34.347" endtime="20240225 01:22:34.372"/>
</kw>
<if>
<branch type="IF" condition="not ${Status}">
<kw name="Set Variable" library="BuiltIn">
<var>${Item_Count}</var>
<arg>${0}</arg>
<doc>Returns the given values which can then be assigned to a variables.</doc>
<status status="NOT RUN" starttime="20240225 01:22:34.373" endtime="20240225 01:22:34.373"/>
</kw>
<status status="NOT RUN" starttime="20240225 01:22:34.372" endtime="20240225 01:22:34.373"/>
</branch>
<branch type="ELSE">
<kw name="Get Text" library="SeleniumLibrary">
<var>${Item_Count}</var>
<arg>${Badge_Cart}</arg>
<doc>Returns the text value of the element identified by ``locator``.</doc>
<msg timestamp="20240225 01:22:34.397" level="INFO">${Item_Count} = 1</msg>
<status status="PASS" starttime="20240225 01:22:34.373" endtime="20240225 01:22:34.397"/>
</kw>
<kw name="Convert To Number" library="BuiltIn">
<var>${Item_Count}</var>
<arg>${Item_Count}</arg>
<doc>Converts the given item to a floating point number.</doc>
<msg timestamp="20240225 01:22:34.397" level="INFO">${Item_Count} = 1.0</msg>
<status status="PASS" starttime="20240225 01:22:34.397" endtime="20240225 01:22:34.397"/>
</kw>
<status status="PASS" starttime="20240225 01:22:34.373" endtime="20240225 01:22:34.397"/>
</branch>
<status status="PASS" starttime="20240225 01:22:34.372" endtime="20240225 01:22:34.397"/>
</if>
<msg timestamp="20240225 01:22:34.397" level="INFO">${Item_Count_After} = 1.0</msg>
<status status="PASS" starttime="20240225 01:22:34.347" endtime="20240225 01:22:34.398"/>
</kw>
<kw name="Should Be Equal As Numbers" library="BuiltIn">
<arg>${Item_Count+1}</arg>
<arg>${Item_Count_After}</arg>
<doc>Fails if objects are unequal after converting them to real numbers.</doc>
<msg timestamp="20240225 01:22:34.399" level="INFO">Argument types are:
&lt;class 'int'&gt;
&lt;class 'float'&gt;</msg>
<status status="PASS" starttime="20240225 01:22:34.398" endtime="20240225 01:22:34.399"/>
</kw>
<status status="PASS" starttime="20240225 01:22:33.929" endtime="20240225 01:22:34.399"/>
</kw>
<kw name="Back To Product" library="asset_DetailCard">
<kw name="Click Button" library="SeleniumLibrary">
<arg>${Button_BackToProduct}</arg>
<doc>Clicks the button identified by ``locator``.</doc>
<msg timestamp="20240225 01:22:34.400" level="INFO">Clicking button 'id:back-to-products'.</msg>
<status status="PASS" starttime="20240225 01:22:34.399" endtime="20240225 01:22:34.514"/>
</kw>
<kw name="Validate Page Title" library="asset_master">
<arg>Home</arg>
<kw name="Get Text" library="SeleniumLibrary">
<var>${Current_Page}</var>
<arg>${Text_Title}</arg>
<doc>Returns the text value of the element identified by ``locator``.</doc>
<msg timestamp="20240225 01:22:34.547" level="INFO">${Current_Page} = Products</msg>
<status status="PASS" starttime="20240225 01:22:34.515" endtime="20240225 01:22:34.547"/>
</kw>
<kw name="Get From Dictionary" library="Collections">
<var>${Expected_Page}</var>
<arg>${Title_Dict}</arg>
<arg>${Page}</arg>
<doc>Returns a value from the given ``dictionary`` based on the given ``key``.</doc>
<msg timestamp="20240225 01:22:34.548" level="INFO">${Expected_Page} = Products</msg>
<status status="PASS" starttime="20240225 01:22:34.547" endtime="20240225 01:22:34.548"/>
</kw>
<kw name="Should Be Equal As Strings" library="BuiltIn">
<arg>${Current_Page}</arg>
<arg>${Expected_Page}</arg>
<doc>Fails if objects are unequal after converting them to strings.</doc>
<status status="PASS" starttime="20240225 01:22:34.548" endtime="20240225 01:22:34.548"/>
</kw>
<status status="PASS" starttime="20240225 01:22:34.514" endtime="20240225 01:22:34.548"/>
</kw>
<status status="PASS" starttime="20240225 01:22:34.399" endtime="20240225 01:22:34.548"/>
</kw>
<kw name="Select Card by Name" library="asset_MainPage">
<arg>Sauce Labs Backpack</arg>
<kw name="Replace String" library="String">
<var>${Button_Title}</var>
<arg>${Locator_Title}</arg>
<arg>@Param</arg>
<arg>${Item}</arg>
<doc>Replaces ``search_for`` in the given ``string`` with ``replace_with``.</doc>
<msg timestamp="20240225 01:22:34.550" level="INFO">${Button_Title} = //div[@class='inventory_item_name ' and text()='Sauce Labs Backpack']</msg>
<status status="PASS" starttime="20240225 01:22:34.549" endtime="20240225 01:22:34.550"/>
</kw>
<kw name="Scroll Element Into View" library="SeleniumLibrary">
<arg>${Button_Title}</arg>
<doc>Scrolls the element identified by ``locator`` into view.</doc>
<status status="PASS" starttime="20240225 01:22:34.550" endtime="20240225 01:22:34.842"/>
</kw>
<kw name="Click Element" library="SeleniumLibrary">
<arg>${Button_Title}</arg>
<doc>Click the element identified by ``locator``.</doc>
<msg timestamp="20240225 01:22:34.843" level="INFO">Clicking element '//div[@class='inventory_item_name ' and text()='Sauce Labs Backpack']'.</msg>
<status status="PASS" starttime="20240225 01:22:34.843" endtime="20240225 01:22:34.916"/>
</kw>
<status status="PASS" starttime="20240225 01:22:34.549" endtime="20240225 01:22:34.916"/>
</kw>
<kw name="Remove From Cart on Detail Card" library="asset_DetailCard">
<kw name="Get Cart Item Total" library="asset_master">
<var>${Item_Count}</var>
<kw name="Run Keyword And Return Status" library="BuiltIn">
<var>${Status}</var>
<arg>Get Text</arg>
<arg>${Badge_Cart}</arg>
<doc>Runs the given keyword with given arguments and returns the status as a Boolean value.</doc>
<kw name="Get Text" library="SeleniumLibrary">
<arg>${Badge_Cart}</arg>
<doc>Returns the text value of the element identified by ``locator``.</doc>
<status status="PASS" starttime="20240225 01:22:34.918" endtime="20240225 01:22:34.945"/>
</kw>
<msg timestamp="20240225 01:22:34.945" level="INFO">${Status} = True</msg>
<status status="PASS" starttime="20240225 01:22:34.917" endtime="20240225 01:22:34.945"/>
</kw>
<if>
<branch type="IF" condition="not ${Status}">
<kw name="Set Variable" library="BuiltIn">
<var>${Item_Count}</var>
<arg>${0}</arg>
<doc>Returns the given values which can then be assigned to a variables.</doc>
<status status="NOT RUN" starttime="20240225 01:22:34.945" endtime="20240225 01:22:34.945"/>
</kw>
<status status="NOT RUN" starttime="20240225 01:22:34.945" endtime="20240225 01:22:34.945"/>
</branch>
<branch type="ELSE">
<kw name="Get Text" library="SeleniumLibrary">
<var>${Item_Count}</var>
<arg>${Badge_Cart}</arg>
<doc>Returns the text value of the element identified by ``locator``.</doc>
<msg timestamp="20240225 01:22:34.970" level="INFO">${Item_Count} = 1</msg>
<status status="PASS" starttime="20240225 01:22:34.946" endtime="20240225 01:22:34.970"/>
</kw>
<kw name="Convert To Number" library="BuiltIn">
<var>${Item_Count}</var>
<arg>${Item_Count}</arg>
<doc>Converts the given item to a floating point number.</doc>
<msg timestamp="20240225 01:22:34.971" level="INFO">${Item_Count} = 1.0</msg>
<status status="PASS" starttime="20240225 01:22:34.970" endtime="20240225 01:22:34.971"/>
</kw>
<status status="PASS" starttime="20240225 01:22:34.945" endtime="20240225 01:22:34.971"/>
</branch>
<status status="PASS" starttime="20240225 01:22:34.945" endtime="20240225 01:22:34.971"/>
</if>
<msg timestamp="20240225 01:22:34.971" level="INFO">${Item_Count} = 1.0</msg>
<status status="PASS" starttime="20240225 01:22:34.917" endtime="20240225 01:22:34.971"/>
</kw>
<kw name="Click Button" library="SeleniumLibrary">
<arg>${Button_Remove}</arg>
<doc>Clicks the button identified by ``locator``.</doc>
<msg timestamp="20240225 01:22:34.971" level="INFO">Clicking button '//button[@class = 'btn btn_secondary btn_small btn_inventory']'.</msg>
<status status="PASS" starttime="20240225 01:22:34.971" endtime="20240225 01:22:35.069"/>
</kw>
<kw name="Get Cart Item Total" library="asset_master">
<var>${Item_Count_After}</var>
<kw name="Run Keyword And Return Status" library="BuiltIn">
<var>${Status}</var>
<arg>Get Text</arg>
<arg>${Badge_Cart}</arg>
<doc>Runs the given keyword with given arguments and returns the status as a Boolean value.</doc>
<kw name="Get Text" library="SeleniumLibrary">
<arg>${Badge_Cart}</arg>
<doc>Returns the text value of the element identified by ``locator``.</doc>
<msg timestamp="20240225 01:22:35.337" level="INFO" html="true">&lt;/td&gt;&lt;/tr&gt;&lt;tr&gt;&lt;td colspan="3"&gt;&lt;a href="selenium-screenshot-67.png"&gt;&lt;img src="selenium-screenshot-67.png" width="800px"&gt;&lt;/a&gt;</msg>
<msg timestamp="20240225 01:22:35.337" level="FAIL">Element with locator '//span[@class = 'shopping_cart_badge']' not found.</msg>
<status status="FAIL" starttime="20240225 01:22:35.071" endtime="20240225 01:22:35.339"/>
</kw>
<msg timestamp="20240225 01:22:35.339" level="INFO">${Status} = False</msg>
<status status="PASS" starttime="20240225 01:22:35.071" endtime="20240225 01:22:35.339"/>
</kw>
<if>
<branch type="IF" condition="not ${Status}">
<kw name="Set Variable" library="BuiltIn">
<var>${Item_Count}</var>
<arg>${0}</arg>
<doc>Returns the given values which can then be assigned to a variables.</doc>
<msg timestamp="20240225 01:22:35.340" level="INFO">${Item_Count} = 0</msg>
<status status="PASS" starttime="20240225 01:22:35.339" endtime="20240225 01:22:35.340"/>
</kw>
<status status="PASS" starttime="20240225 01:22:35.339" endtime="20240225 01:22:35.340"/>
</branch>
<branch type="ELSE">
<kw name="Get Text" library="SeleniumLibrary">
<var>${Item_Count}</var>
<arg>${Badge_Cart}</arg>
<doc>Returns the text value of the element identified by ``locator``.</doc>
<status status="NOT RUN" starttime="20240225 01:22:35.340" endtime="20240225 01:22:35.340"/>
</kw>
<kw name="Convert To Number" library="BuiltIn">
<var>${Item_Count}</var>
<arg>${Item_Count}</arg>
<doc>Converts the given item to a floating point number.</doc>
<status status="NOT RUN" starttime="20240225 01:22:35.340" endtime="20240225 01:22:35.341"/>
</kw>
<status status="NOT RUN" starttime="20240225 01:22:35.340" endtime="20240225 01:22:35.341"/>
</branch>
<status status="PASS" starttime="20240225 01:22:35.339" endtime="20240225 01:22:35.341"/>
</if>
<msg timestamp="20240225 01:22:35.341" level="INFO">${Item_Count_After} = 0</msg>
<status status="PASS" starttime="20240225 01:22:35.069" endtime="20240225 01:22:35.341"/>
</kw>
<kw name="Should Be Equal As Numbers" library="BuiltIn">
<arg>${Item_Count-1}</arg>
<arg>${Item_Count_After}</arg>
<doc>Fails if objects are unequal after converting them to real numbers.</doc>
<msg timestamp="20240225 01:22:35.342" level="INFO">Argument types are:
&lt;class 'float'&gt;
&lt;class 'int'&gt;</msg>
<status status="PASS" starttime="20240225 01:22:35.341" endtime="20240225 01:22:35.342"/>
</kw>
<status status="PASS" starttime="20240225 01:22:34.917" endtime="20240225 01:22:35.342"/>
</kw>
<kw name="Back To Product" library="asset_DetailCard">
<kw name="Click Button" library="SeleniumLibrary">
<arg>${Button_BackToProduct}</arg>
<doc>Clicks the button identified by ``locator``.</doc>
<msg timestamp="20240225 01:22:35.343" level="INFO">Clicking button 'id:back-to-products'.</msg>
<status status="PASS" starttime="20240225 01:22:35.343" endtime="20240225 01:22:35.441"/>
</kw>
<kw name="Validate Page Title" library="asset_master">
<arg>Home</arg>
<kw name="Get Text" library="SeleniumLibrary">
<var>${Current_Page}</var>
<arg>${Text_Title}</arg>
<doc>Returns the text value of the element identified by ``locator``.</doc>
<msg timestamp="20240225 01:22:35.468" level="INFO">${Current_Page} = Products</msg>
<status status="PASS" starttime="20240225 01:22:35.442" endtime="20240225 01:22:35.468"/>
</kw>
<kw name="Get From Dictionary" library="Collections">
<var>${Expected_Page}</var>
<arg>${Title_Dict}</arg>
<arg>${Page}</arg>
<doc>Returns a value from the given ``dictionary`` based on the given ``key``.</doc>
<msg timestamp="20240225 01:22:35.469" level="INFO">${Expected_Page} = Products</msg>
<status status="PASS" starttime="20240225 01:22:35.469" endtime="20240225 01:22:35.469"/>
</kw>
<kw name="Should Be Equal As Strings" library="BuiltIn">
<arg>${Current_Page}</arg>
<arg>${Expected_Page}</arg>
<doc>Fails if objects are unequal after converting them to strings.</doc>
<status status="PASS" starttime="20240225 01:22:35.469" endtime="20240225 01:22:35.469"/>
</kw>
<status status="PASS" starttime="20240225 01:22:35.441" endtime="20240225 01:22:35.469"/>
</kw>
<status status="PASS" starttime="20240225 01:22:35.343" endtime="20240225 01:22:35.469"/>
</kw>
<kw name="Close Browser" library="SeleniumLibrary" type="TEARDOWN">
<doc>Closes the current browser.</doc>
<status status="PASS" starttime="20240225 01:22:35.470" endtime="20240225 01:22:37.651"/>
</kw>
<status status="PASS" starttime="20240225 01:22:30.211" endtime="20240225 01:22:37.652"/>
</test>
<status status="PASS" starttime="20240225 01:22:30.191" endtime="20240225 01:22:37.654"/>
</suite>
<status status="PASS" starttime="20240225 01:21:57.909" endtime="20240225 01:22:37.657"/>
</suite>
<status status="PASS" starttime="20240225 01:21:57.874" endtime="20240225 01:22:37.660"/>
</suite>
<statistics>
<total>
<stat pass="8" fail="0" skip="0">All Tests</stat>
</total>
<tag>
</tag>
<suite>
<stat pass="8" fail="0" skip="0" id="s1" name="SauceDemo">SauceDemo</stat>
<stat pass="8" fail="0" skip="0" id="s1-s1" name="Test Case">SauceDemo.Test Case</stat>
<stat pass="3" fail="0" skip="0" id="s1-s1-s1" name="Api">SauceDemo.Test Case.Api</stat>
<stat pass="2" fail="0" skip="0" id="s1-s1-s2" name="Checkout">SauceDemo.Test Case.Checkout</stat>
<stat pass="2" fail="0" skip="0" id="s1-s1-s2-s1" name="Checkout">SauceDemo.Test Case.Checkout.Checkout</stat>
<stat pass="2" fail="0" skip="0" id="s1-s1-s3" name="Login">SauceDemo.Test Case.Login</stat>
<stat pass="2" fail="0" skip="0" id="s1-s1-s3-s1" name="Login">SauceDemo.Test Case.Login.Login</stat>
<stat pass="1" fail="0" skip="0" id="s1-s1-s4" name="View Detail">SauceDemo.Test Case.View Detail</stat>
</suite>
</statistics>
<errors>
</errors>
</robot>
